 INFO [main] 2019-05-16 23:21:07 (AbstractApplicationContext.java:589) Refreshing org.springframework.context.support.ClassPathXmlApplicationContext@221af3c0: startup date [Thu May 16 23:21:07 CST 2019]; root of context hierarchy
 INFO [main] 2019-05-16 23:21:08 (XmlBeanDefinitionReader.java:316) Loading XML bean definitions from class path resource [applicationContext.xml]
 INFO [main] 2019-05-16 23:23:08 (AbstractApplicationContext.java:589) Refreshing org.springframework.context.support.ClassPathXmlApplicationContext@221af3c0: startup date [Thu May 16 23:23:08 CST 2019]; root of context hierarchy
 INFO [main] 2019-05-16 23:23:08 (XmlBeanDefinitionReader.java:316) Loading XML bean definitions from class path resource [applicationContext.xml]
 INFO [main] 2019-05-16 23:24:53 (AbstractApplicationContext.java:589) Refreshing org.springframework.context.support.ClassPathXmlApplicationContext@221af3c0: startup date [Thu May 16 23:24:53 CST 2019]; root of context hierarchy
 INFO [main] 2019-05-16 23:24:53 (XmlBeanDefinitionReader.java:316) Loading XML bean definitions from class path resource [applicationContext.xml]
 INFO [main] 2019-05-16 23:25:39 (AbstractApplicationContext.java:589) Refreshing org.springframework.context.support.ClassPathXmlApplicationContext@221af3c0: startup date [Thu May 16 23:25:39 CST 2019]; root of context hierarchy
 INFO [main] 2019-05-16 23:25:39 (XmlBeanDefinitionReader.java:316) Loading XML bean definitions from class path resource [applicationContext.xml]
 INFO [main] 2019-05-16 23:26:44 (AbstractApplicationContext.java:589) Refreshing org.springframework.context.support.ClassPathXmlApplicationContext@221af3c0: startup date [Thu May 16 23:26:44 CST 2019]; root of context hierarchy
 INFO [main] 2019-05-16 23:26:45 (XmlBeanDefinitionReader.java:316) Loading XML bean definitions from class path resource [applicationContext.xml]
 INFO [main] 2019-05-16 23:29:37 (AbstractApplicationContext.java:589) Refreshing org.springframework.context.support.ClassPathXmlApplicationContext@221af3c0: startup date [Thu May 16 23:29:37 CST 2019]; root of context hierarchy
 INFO [main] 2019-05-16 23:29:38 (XmlBeanDefinitionReader.java:316) Loading XML bean definitions from class path resource [applicationContext.xml]
 INFO [main] 2019-05-16 23:31:24 (AbstractApplicationContext.java:589) Refreshing org.springframework.context.support.ClassPathXmlApplicationContext@221af3c0: startup date [Thu May 16 23:31:24 CST 2019]; root of context hierarchy
 INFO [main] 2019-05-16 23:31:24 (XmlBeanDefinitionReader.java:316) Loading XML bean definitions from class path resource [applicationContext.xml]
 INFO [main] 2019-05-16 23:32:03 (AbstractApplicationContext.java:589) Refreshing org.springframework.context.support.ClassPathXmlApplicationContext@221af3c0: startup date [Thu May 16 23:32:03 CST 2019]; root of context hierarchy
 INFO [main] 2019-05-16 23:32:03 (XmlBeanDefinitionReader.java:316) Loading XML bean definitions from class path resource [applicationContext.xml]
 INFO [main] 2019-05-16 23:32:41 (AbstractApplicationContext.java:589) Refreshing org.springframework.context.support.ClassPathXmlApplicationContext@221af3c0: startup date [Thu May 16 23:32:41 CST 2019]; root of context hierarchy
 INFO [main] 2019-05-16 23:32:41 (XmlBeanDefinitionReader.java:316) Loading XML bean definitions from class path resource [applicationContext.xml]
 INFO [main] 2019-05-16 23:33:31 (AbstractApplicationContext.java:589) Refreshing org.springframework.context.support.ClassPathXmlApplicationContext@221af3c0: startup date [Thu May 16 23:33:31 CST 2019]; root of context hierarchy
 INFO [main] 2019-05-16 23:33:31 (XmlBeanDefinitionReader.java:316) Loading XML bean definitions from class path resource [applicationContext.xml]
 INFO [main] 2019-05-16 23:34:05 (AbstractApplicationContext.java:589) Refreshing org.springframework.context.support.ClassPathXmlApplicationContext@221af3c0: startup date [Thu May 16 23:34:05 CST 2019]; root of context hierarchy
 INFO [main] 2019-05-16 23:34:05 (XmlBeanDefinitionReader.java:316) Loading XML bean definitions from class path resource [applicationContext.xml]
 INFO [main] 2019-05-16 23:35:13 (AbstractApplicationContext.java:589) Refreshing org.springframework.context.support.ClassPathXmlApplicationContext@221af3c0: startup date [Thu May 16 23:35:13 CST 2019]; root of context hierarchy
 INFO [main] 2019-05-16 23:35:13 (XmlBeanDefinitionReader.java:316) Loading XML bean definitions from class path resource [applicationContext.xml]
 INFO [main] 2019-05-16 23:36:07 (AbstractApplicationContext.java:589) Refreshing org.springframework.context.support.ClassPathXmlApplicationContext@221af3c0: startup date [Thu May 16 23:36:07 CST 2019]; root of context hierarchy
 INFO [main] 2019-05-16 23:36:07 (XmlBeanDefinitionReader.java:316) Loading XML bean definitions from class path resource [applicationContext.xml]
 INFO [main] 2019-05-16 23:36:48 (AbstractApplicationContext.java:589) Refreshing org.springframework.context.support.ClassPathXmlApplicationContext@221af3c0: startup date [Thu May 16 23:36:48 CST 2019]; root of context hierarchy
 INFO [main] 2019-05-16 23:36:48 (XmlBeanDefinitionReader.java:316) Loading XML bean definitions from class path resource [applicationContext.xml]
 INFO [main] 2019-05-16 23:37:07 (AbstractApplicationContext.java:589) Refreshing org.springframework.context.support.ClassPathXmlApplicationContext@221af3c0: startup date [Thu May 16 23:37:07 CST 2019]; root of context hierarchy
 INFO [main] 2019-05-16 23:37:08 (XmlBeanDefinitionReader.java:316) Loading XML bean definitions from class path resource [applicationContext.xml]
 INFO [main] 2019-05-16 23:37:26 (AbstractApplicationContext.java:589) Refreshing org.springframework.context.support.ClassPathXmlApplicationContext@221af3c0: startup date [Thu May 16 23:37:26 CST 2019]; root of context hierarchy
 INFO [main] 2019-05-16 23:37:27 (XmlBeanDefinitionReader.java:316) Loading XML bean definitions from class path resource [applicationContext.xml]
 INFO [main] 2019-05-16 23:37:45 (AbstractApplicationContext.java:589) Refreshing org.springframework.context.support.ClassPathXmlApplicationContext@221af3c0: startup date [Thu May 16 23:37:45 CST 2019]; root of context hierarchy
 INFO [main] 2019-05-16 23:37:46 (XmlBeanDefinitionReader.java:316) Loading XML bean definitions from class path resource [applicationContext.xml]
 INFO [main] 2019-05-16 23:38:10 (AbstractApplicationContext.java:589) Refreshing org.springframework.context.support.ClassPathXmlApplicationContext@221af3c0: startup date [Thu May 16 23:38:10 CST 2019]; root of context hierarchy
 INFO [main] 2019-05-16 23:38:11 (XmlBeanDefinitionReader.java:316) Loading XML bean definitions from class path resource [applicationContext.xml]
 INFO [main] 2019-05-16 23:49:23 (AbstractApplicationContext.java:589) Refreshing org.springframework.context.support.ClassPathXmlApplicationContext@221af3c0: startup date [Thu May 16 23:49:23 CST 2019]; root of context hierarchy
 INFO [main] 2019-05-16 23:49:23 (XmlBeanDefinitionReader.java:316) Loading XML bean definitions from class path resource [applicationContext.xml]
 INFO [main] 2019-05-16 23:50:33 (AbstractApplicationContext.java:589) Refreshing org.springframework.context.support.ClassPathXmlApplicationContext@221af3c0: startup date [Thu May 16 23:50:33 CST 2019]; root of context hierarchy
 INFO [main] 2019-05-16 23:50:33 (XmlBeanDefinitionReader.java:316) Loading XML bean definitions from class path resource [applicationContext.xml]
 INFO [main] 2019-05-16 23:51:33 (AbstractApplicationContext.java:589) Refreshing org.springframework.context.support.ClassPathXmlApplicationContext@221af3c0: startup date [Thu May 16 23:51:33 CST 2019]; root of context hierarchy
 INFO [main] 2019-05-16 23:51:33 (XmlBeanDefinitionReader.java:316) Loading XML bean definitions from class path resource [applicationContext.xml]
 INFO [main] 2019-05-16 23:58:18 (AbstractApplicationContext.java:589) Refreshing org.springframework.context.support.ClassPathXmlApplicationContext@221af3c0: startup date [Thu May 16 23:58:18 CST 2019]; root of context hierarchy
 INFO [main] 2019-05-16 23:58:19 (XmlBeanDefinitionReader.java:316) Loading XML bean definitions from class path resource [applicationContext.xml]
 INFO [main] 2019-05-16 23:59:46 (AbstractApplicationContext.java:589) Refreshing org.springframework.context.support.ClassPathXmlApplicationContext@221af3c0: startup date [Thu May 16 23:59:46 CST 2019]; root of context hierarchy
 INFO [main] 2019-05-16 23:59:46 (XmlBeanDefinitionReader.java:316) Loading XML bean definitions from class path resource [applicationContext.xml]
 INFO [main] 2019-05-17 00:00:55 (AbstractApplicationContext.java:589) Refreshing org.springframework.context.support.ClassPathXmlApplicationContext@221af3c0: startup date [Fri May 17 00:00:55 CST 2019]; root of context hierarchy
 INFO [main] 2019-05-17 00:00:55 (XmlBeanDefinitionReader.java:316) Loading XML bean definitions from class path resource [applicationContext.xml]
 INFO [main] 2019-05-17 00:02:00 (AbstractApplicationContext.java:589) Refreshing org.springframework.context.support.ClassPathXmlApplicationContext@221af3c0: startup date [Fri May 17 00:02:00 CST 2019]; root of context hierarchy
 INFO [main] 2019-05-17 00:02:00 (XmlBeanDefinitionReader.java:316) Loading XML bean definitions from class path resource [applicationContext.xml]
 INFO [main] 2019-05-20 21:43:48 (AbstractApplicationContext.java:589) Refreshing org.springframework.context.support.ClassPathXmlApplicationContext@221af3c0: startup date [Mon May 20 21:43:47 CST 2019]; root of context hierarchy
 INFO [main] 2019-05-20 21:43:48 (XmlBeanDefinitionReader.java:316) Loading XML bean definitions from class path resource [applicationContext.xml]
 INFO [main] 2019-05-20 21:44:22 (AbstractApplicationContext.java:589) Refreshing org.springframework.context.support.ClassPathXmlApplicationContext@221af3c0: startup date [Mon May 20 21:44:22 CST 2019]; root of context hierarchy
 INFO [main] 2019-05-20 21:44:22 (XmlBeanDefinitionReader.java:316) Loading XML bean definitions from class path resource [applicationContext.xml]
 INFO [main] 2019-05-20 21:44:52 (AbstractApplicationContext.java:589) Refreshing org.springframework.context.support.ClassPathXmlApplicationContext@221af3c0: startup date [Mon May 20 21:44:52 CST 2019]; root of context hierarchy
 INFO [main] 2019-05-20 21:44:52 (XmlBeanDefinitionReader.java:316) Loading XML bean definitions from class path resource [applicationContext.xml]
 INFO [main] 2019-05-20 21:48:55 (AbstractApplicationContext.java:589) Refreshing org.springframework.context.support.ClassPathXmlApplicationContext@221af3c0: startup date [Mon May 20 21:48:55 CST 2019]; root of context hierarchy
 INFO [main] 2019-05-20 21:48:55 (XmlBeanDefinitionReader.java:316) Loading XML bean definitions from class path resource [applicationContext.xml]
 INFO [main] 2019-05-20 21:50:01 (AbstractApplicationContext.java:589) Refreshing org.springframework.context.support.ClassPathXmlApplicationContext@221af3c0: startup date [Mon May 20 21:50:01 CST 2019]; root of context hierarchy
 INFO [main] 2019-05-20 21:50:01 (XmlBeanDefinitionReader.java:316) Loading XML bean definitions from class path resource [applicationContext.xml]
 INFO [main] 2019-05-20 21:52:48 (AbstractApplicationContext.java:589) Refreshing org.springframework.context.support.ClassPathXmlApplicationContext@221af3c0: startup date [Mon May 20 21:52:48 CST 2019]; root of context hierarchy
 INFO [main] 2019-05-20 21:52:49 (XmlBeanDefinitionReader.java:316) Loading XML bean definitions from class path resource [applicationContext.xml]
 INFO [main] 2019-05-20 21:53:50 (AbstractApplicationContext.java:589) Refreshing org.springframework.context.support.ClassPathXmlApplicationContext@221af3c0: startup date [Mon May 20 21:53:50 CST 2019]; root of context hierarchy
 INFO [main] 2019-05-20 21:53:50 (XmlBeanDefinitionReader.java:316) Loading XML bean definitions from class path resource [applicationContext.xml]
 INFO [main] 2019-05-20 21:58:10 (AbstractApplicationContext.java:589) Refreshing org.springframework.context.support.ClassPathXmlApplicationContext@221af3c0: startup date [Mon May 20 21:58:10 CST 2019]; root of context hierarchy
 INFO [main] 2019-05-20 21:58:10 (XmlBeanDefinitionReader.java:316) Loading XML bean definitions from class path resource [applicationContext.xml]
 INFO [main] 2019-05-20 21:58:36 (AbstractApplicationContext.java:589) Refreshing org.springframework.context.support.ClassPathXmlApplicationContext@221af3c0: startup date [Mon May 20 21:58:36 CST 2019]; root of context hierarchy
 INFO [main] 2019-05-20 21:58:36 (XmlBeanDefinitionReader.java:316) Loading XML bean definitions from class path resource [applicationContext.xml]
 INFO [main] 2019-05-20 21:59:27 (AbstractApplicationContext.java:589) Refreshing org.springframework.context.support.ClassPathXmlApplicationContext@221af3c0: startup date [Mon May 20 21:59:27 CST 2019]; root of context hierarchy
 INFO [main] 2019-05-20 21:59:27 (XmlBeanDefinitionReader.java:316) Loading XML bean definitions from class path resource [applicationContext.xml]
 INFO [main] 2019-05-20 22:01:43 (AbstractApplicationContext.java:589) Refreshing org.springframework.context.support.ClassPathXmlApplicationContext@221af3c0: startup date [Mon May 20 22:01:42 CST 2019]; root of context hierarchy
 INFO [main] 2019-05-20 22:01:43 (XmlBeanDefinitionReader.java:316) Loading XML bean definitions from class path resource [applicationContext.xml]
 INFO [main] 2019-05-20 22:04:05 (AbstractApplicationContext.java:589) Refreshing org.springframework.context.support.ClassPathXmlApplicationContext@221af3c0: startup date [Mon May 20 22:04:05 CST 2019]; root of context hierarchy
 INFO [main] 2019-05-20 22:04:05 (XmlBeanDefinitionReader.java:316) Loading XML bean definitions from class path resource [applicationContext.xml]
 INFO [main] 2019-05-20 22:04:43 (AbstractApplicationContext.java:589) Refreshing org.springframework.context.support.ClassPathXmlApplicationContext@221af3c0: startup date [Mon May 20 22:04:43 CST 2019]; root of context hierarchy
 INFO [main] 2019-05-20 22:04:43 (XmlBeanDefinitionReader.java:316) Loading XML bean definitions from class path resource [applicationContext.xml]
 INFO [main] 2019-05-20 22:05:13 (AbstractApplicationContext.java:589) Refreshing org.springframework.context.support.ClassPathXmlApplicationContext@221af3c0: startup date [Mon May 20 22:05:13 CST 2019]; root of context hierarchy
 INFO [main] 2019-05-20 22:05:13 (XmlBeanDefinitionReader.java:316) Loading XML bean definitions from class path resource [applicationContext.xml]
 INFO [main] 2019-05-20 22:06:03 (AbstractApplicationContext.java:589) Refreshing org.springframework.context.support.ClassPathXmlApplicationContext@221af3c0: startup date [Mon May 20 22:06:03 CST 2019]; root of context hierarchy
 INFO [main] 2019-05-20 22:06:03 (XmlBeanDefinitionReader.java:316) Loading XML bean definitions from class path resource [applicationContext.xml]
 INFO [main] 2019-05-20 22:07:12 (AbstractApplicationContext.java:589) Refreshing org.springframework.context.support.ClassPathXmlApplicationContext@221af3c0: startup date [Mon May 20 22:07:12 CST 2019]; root of context hierarchy
 INFO [main] 2019-05-20 22:07:12 (XmlBeanDefinitionReader.java:316) Loading XML bean definitions from class path resource [applicationContext.xml]
 INFO [main] 2019-05-20 22:08:22 (AbstractApplicationContext.java:589) Refreshing org.springframework.context.support.ClassPathXmlApplicationContext@221af3c0: startup date [Mon May 20 22:08:22 CST 2019]; root of context hierarchy
 INFO [main] 2019-05-20 22:08:22 (XmlBeanDefinitionReader.java:316) Loading XML bean definitions from class path resource [applicationContext.xml]
 INFO [main] 2019-05-20 22:12:14 (AbstractApplicationContext.java:589) Refreshing org.springframework.context.support.ClassPathXmlApplicationContext@221af3c0: startup date [Mon May 20 22:12:14 CST 2019]; root of context hierarchy
 INFO [main] 2019-05-20 22:12:14 (XmlBeanDefinitionReader.java:316) Loading XML bean definitions from class path resource [applicationContext.xml]
 INFO [main] 2019-05-20 22:35:11 (AbstractTestContextBootstrapper.java:257) Loaded default TestExecutionListener class names from location [META-INF/spring.factories]: [org.springframework.test.context.web.ServletTestExecutionListener, org.springframework.test.context.support.DirtiesContextBeforeModesTestExecutionListener, org.springframework.test.context.support.DependencyInjectionTestExecutionListener, org.springframework.test.context.support.DirtiesContextTestExecutionListener, org.springframework.test.context.transaction.TransactionalTestExecutionListener, org.springframework.test.context.jdbc.SqlScriptsTestExecutionListener]
 INFO [main] 2019-05-20 22:35:11 (AbstractTestContextBootstrapper.java:184) Using TestExecutionListeners: [org.springframework.test.context.web.ServletTestExecutionListener@30c15d8b, org.springframework.test.context.support.DirtiesContextBeforeModesTestExecutionListener@5e0e82ae, org.springframework.test.context.support.DependencyInjectionTestExecutionListener@6771beb3, org.springframework.test.context.support.DirtiesContextTestExecutionListener@51399530, org.springframework.test.context.transaction.TransactionalTestExecutionListener@6b2ea799, org.springframework.test.context.jdbc.SqlScriptsTestExecutionListener@411f53a0]
 INFO [main] 2019-05-20 22:35:11 (XmlBeanDefinitionReader.java:316) Loading XML bean definitions from class path resource [applicationContext.xml]
 INFO [main] 2019-05-20 22:35:11 (AbstractApplicationContext.java:589) Refreshing org.springframework.context.support.GenericApplicationContext@710f4dc7: startup date [Mon May 20 22:35:11 CST 2019]; root of context hierarchy
 INFO [main] 2019-05-20 22:35:13 (TestStudent.java:25) test开始
 INFO [main] 2019-05-20 22:35:13 (TestStudent.java:29) test结束
 INFO [Thread-1] 2019-05-20 22:35:13 (AbstractApplicationContext.java:989) Closing org.springframework.context.support.GenericApplicationContext@710f4dc7: startup date [Mon May 20 22:35:11 CST 2019]; root of context hierarchy
 INFO [main] 2019-05-20 22:35:34 (AbstractTestContextBootstrapper.java:257) Loaded default TestExecutionListener class names from location [META-INF/spring.factories]: [org.springframework.test.context.web.ServletTestExecutionListener, org.springframework.test.context.support.DirtiesContextBeforeModesTestExecutionListener, org.springframework.test.context.support.DependencyInjectionTestExecutionListener, org.springframework.test.context.support.DirtiesContextTestExecutionListener, org.springframework.test.context.transaction.TransactionalTestExecutionListener, org.springframework.test.context.jdbc.SqlScriptsTestExecutionListener]
 INFO [main] 2019-05-20 22:35:34 (AbstractTestContextBootstrapper.java:184) Using TestExecutionListeners: [org.springframework.test.context.web.ServletTestExecutionListener@30c15d8b, org.springframework.test.context.support.DirtiesContextBeforeModesTestExecutionListener@5e0e82ae, org.springframework.test.context.support.DependencyInjectionTestExecutionListener@6771beb3, org.springframework.test.context.support.DirtiesContextTestExecutionListener@51399530, org.springframework.test.context.transaction.TransactionalTestExecutionListener@6b2ea799, org.springframework.test.context.jdbc.SqlScriptsTestExecutionListener@411f53a0]
 INFO [main] 2019-05-20 22:35:35 (XmlBeanDefinitionReader.java:316) Loading XML bean definitions from class path resource [applicationContext.xml]
 INFO [main] 2019-05-20 22:35:35 (AbstractApplicationContext.java:589) Refreshing org.springframework.context.support.GenericApplicationContext@710f4dc7: startup date [Mon May 20 22:35:35 CST 2019]; root of context hierarchy
 INFO [main] 2019-05-20 22:35:36 (TestStudent.java:25) test开始
 INFO [main] 2019-05-20 22:35:37 (TestStudent.java:29) test结束
 INFO [Thread-1] 2019-05-20 22:35:37 (AbstractApplicationContext.java:989) Closing org.springframework.context.support.GenericApplicationContext@710f4dc7: startup date [Mon May 20 22:35:35 CST 2019]; root of context hierarchy
 INFO [main] 2019-05-20 22:37:49 (AbstractTestContextBootstrapper.java:257) Loaded default TestExecutionListener class names from location [META-INF/spring.factories]: [org.springframework.test.context.web.ServletTestExecutionListener, org.springframework.test.context.support.DirtiesContextBeforeModesTestExecutionListener, org.springframework.test.context.support.DependencyInjectionTestExecutionListener, org.springframework.test.context.support.DirtiesContextTestExecutionListener, org.springframework.test.context.transaction.TransactionalTestExecutionListener, org.springframework.test.context.jdbc.SqlScriptsTestExecutionListener]
 INFO [main] 2019-05-20 22:37:49 (AbstractTestContextBootstrapper.java:184) Using TestExecutionListeners: [org.springframework.test.context.web.ServletTestExecutionListener@30c15d8b, org.springframework.test.context.support.DirtiesContextBeforeModesTestExecutionListener@5e0e82ae, org.springframework.test.context.support.DependencyInjectionTestExecutionListener@6771beb3, org.springframework.test.context.support.DirtiesContextTestExecutionListener@51399530, org.springframework.test.context.transaction.TransactionalTestExecutionListener@6b2ea799, org.springframework.test.context.jdbc.SqlScriptsTestExecutionListener@411f53a0]
 INFO [main] 2019-05-20 22:37:49 (XmlBeanDefinitionReader.java:316) Loading XML bean definitions from class path resource [applicationContext.xml]
 INFO [main] 2019-05-20 22:37:49 (AbstractApplicationContext.java:589) Refreshing org.springframework.context.support.GenericApplicationContext@710f4dc7: startup date [Mon May 20 22:37:49 CST 2019]; root of context hierarchy
 INFO [main] 2019-05-20 22:37:50 (TestStudent.java:25) test开始
 INFO [main] 2019-05-20 22:37:51 (TestStudent.java:42) try
 INFO [main] 2019-05-20 22:37:51 (TestStudent.java:47) finally
 INFO [main] 2019-05-20 22:37:51 (TestStudent.java:29) test结束
 INFO [Thread-1] 2019-05-20 22:37:51 (AbstractApplicationContext.java:989) Closing org.springframework.context.support.GenericApplicationContext@710f4dc7: startup date [Mon May 20 22:37:49 CST 2019]; root of context hierarchy
 INFO [main] 2019-05-20 22:38:10 (AbstractTestContextBootstrapper.java:257) Loaded default TestExecutionListener class names from location [META-INF/spring.factories]: [org.springframework.test.context.web.ServletTestExecutionListener, org.springframework.test.context.support.DirtiesContextBeforeModesTestExecutionListener, org.springframework.test.context.support.DependencyInjectionTestExecutionListener, org.springframework.test.context.support.DirtiesContextTestExecutionListener, org.springframework.test.context.transaction.TransactionalTestExecutionListener, org.springframework.test.context.jdbc.SqlScriptsTestExecutionListener]
 INFO [main] 2019-05-20 22:38:10 (AbstractTestContextBootstrapper.java:184) Using TestExecutionListeners: [org.springframework.test.context.web.ServletTestExecutionListener@30c15d8b, org.springframework.test.context.support.DirtiesContextBeforeModesTestExecutionListener@5e0e82ae, org.springframework.test.context.support.DependencyInjectionTestExecutionListener@6771beb3, org.springframework.test.context.support.DirtiesContextTestExecutionListener@51399530, org.springframework.test.context.transaction.TransactionalTestExecutionListener@6b2ea799, org.springframework.test.context.jdbc.SqlScriptsTestExecutionListener@411f53a0]
 INFO [main] 2019-05-20 22:38:10 (XmlBeanDefinitionReader.java:316) Loading XML bean definitions from class path resource [applicationContext.xml]
 INFO [main] 2019-05-20 22:38:10 (AbstractApplicationContext.java:589) Refreshing org.springframework.context.support.GenericApplicationContext@710f4dc7: startup date [Mon May 20 22:38:10 CST 2019]; root of context hierarchy
 INFO [main] 2019-05-20 22:38:12 (TestStudent.java:25) test开始
 INFO [main] 2019-05-20 22:38:12 (TestStudent.java:42) try
 INFO [main] 2019-05-20 22:38:12 (TestStudent.java:47) finally
 INFO [main] 2019-05-20 22:38:12 (TestStudent.java:29) test结束
 INFO [Thread-1] 2019-05-20 22:38:12 (AbstractApplicationContext.java:989) Closing org.springframework.context.support.GenericApplicationContext@710f4dc7: startup date [Mon May 20 22:38:10 CST 2019]; root of context hierarchy
 INFO [main] 2019-05-20 22:43:41 (AbstractTestContextBootstrapper.java:257) Loaded default TestExecutionListener class names from location [META-INF/spring.factories]: [org.springframework.test.context.web.ServletTestExecutionListener, org.springframework.test.context.support.DirtiesContextBeforeModesTestExecutionListener, org.springframework.test.context.support.DependencyInjectionTestExecutionListener, org.springframework.test.context.support.DirtiesContextTestExecutionListener, org.springframework.test.context.transaction.TransactionalTestExecutionListener, org.springframework.test.context.jdbc.SqlScriptsTestExecutionListener]
 INFO [main] 2019-05-20 22:43:41 (AbstractTestContextBootstrapper.java:184) Using TestExecutionListeners: [org.springframework.test.context.web.ServletTestExecutionListener@30c15d8b, org.springframework.test.context.support.DirtiesContextBeforeModesTestExecutionListener@5e0e82ae, org.springframework.test.context.support.DependencyInjectionTestExecutionListener@6771beb3, org.springframework.test.context.support.DirtiesContextTestExecutionListener@51399530, org.springframework.test.context.transaction.TransactionalTestExecutionListener@6b2ea799, org.springframework.test.context.jdbc.SqlScriptsTestExecutionListener@411f53a0]
 INFO [main] 2019-05-20 22:43:41 (XmlBeanDefinitionReader.java:316) Loading XML bean definitions from class path resource [applicationContext.xml]
 INFO [main] 2019-05-20 22:43:42 (AbstractApplicationContext.java:589) Refreshing org.springframework.context.support.GenericApplicationContext@710f4dc7: startup date [Mon May 20 22:43:42 CST 2019]; root of context hierarchy
 INFO [main] 2019-05-20 22:43:43 (TestStudent.java:25) test开始
 INFO [main] 2019-05-20 22:43:43 (TestStudent.java:42) try
 INFO [main] 2019-05-20 22:43:43 (TestStudent.java:47) finally
 INFO [main] 2019-05-20 22:43:43 (TestStudent.java:29) test结束
 INFO [Thread-1] 2019-05-20 22:43:43 (AbstractApplicationContext.java:989) Closing org.springframework.context.support.GenericApplicationContext@710f4dc7: startup date [Mon May 20 22:43:42 CST 2019]; root of context hierarchy
 INFO [main] 2019-05-20 22:51:34 (AbstractTestContextBootstrapper.java:257) Loaded default TestExecutionListener class names from location [META-INF/spring.factories]: [org.springframework.test.context.web.ServletTestExecutionListener, org.springframework.test.context.support.DirtiesContextBeforeModesTestExecutionListener, org.springframework.test.context.support.DependencyInjectionTestExecutionListener, org.springframework.test.context.support.DirtiesContextTestExecutionListener, org.springframework.test.context.transaction.TransactionalTestExecutionListener, org.springframework.test.context.jdbc.SqlScriptsTestExecutionListener]
 INFO [main] 2019-05-20 22:51:34 (AbstractTestContextBootstrapper.java:184) Using TestExecutionListeners: [org.springframework.test.context.web.ServletTestExecutionListener@65fb9ffc, org.springframework.test.context.support.DirtiesContextBeforeModesTestExecutionListener@3e694b3f, org.springframework.test.context.support.DependencyInjectionTestExecutionListener@1bb5a082, org.springframework.test.context.support.DirtiesContextTestExecutionListener@78691363, org.springframework.test.context.transaction.TransactionalTestExecutionListener@41d477ed, org.springframework.test.context.jdbc.SqlScriptsTestExecutionListener@3590fc5b]
 INFO [main] 2019-05-20 22:51:34 (XmlBeanDefinitionReader.java:316) Loading XML bean definitions from class path resource [applicationContext.xml]
 INFO [main] 2019-05-20 22:51:34 (AbstractApplicationContext.java:589) Refreshing org.springframework.context.support.GenericApplicationContext@1c1bbc4e: startup date [Mon May 20 22:51:34 CST 2019]; root of context hierarchy
 INFO [main] 2019-05-20 22:51:35 (TestStudent.java:25) test开始
 INFO [main] 2019-05-20 22:51:36 (TestStudent.java:29) test结束
 INFO [main] 2019-05-20 22:51:36 (TestStudent.java:25) test开始
 INFO [main] 2019-05-20 22:51:36 (TestStudent.java:42) try
 INFO [main] 2019-05-20 22:51:36 (TestStudent.java:47) finally
 INFO [main] 2019-05-20 22:51:36 (TestStudent.java:29) test结束
 INFO [Thread-1] 2019-05-20 22:51:36 (AbstractApplicationContext.java:989) Closing org.springframework.context.support.GenericApplicationContext@1c1bbc4e: startup date [Mon May 20 22:51:34 CST 2019]; root of context hierarchy
 INFO [main] 2019-05-20 22:57:44 (AbstractTestContextBootstrapper.java:257) Loaded default TestExecutionListener class names from location [META-INF/spring.factories]: [org.springframework.test.context.web.ServletTestExecutionListener, org.springframework.test.context.support.DirtiesContextBeforeModesTestExecutionListener, org.springframework.test.context.support.DependencyInjectionTestExecutionListener, org.springframework.test.context.support.DirtiesContextTestExecutionListener, org.springframework.test.context.transaction.TransactionalTestExecutionListener, org.springframework.test.context.jdbc.SqlScriptsTestExecutionListener]
 INFO [main] 2019-05-20 22:57:44 (AbstractTestContextBootstrapper.java:184) Using TestExecutionListeners: [org.springframework.test.context.web.ServletTestExecutionListener@30c15d8b, org.springframework.test.context.support.DirtiesContextBeforeModesTestExecutionListener@5e0e82ae, org.springframework.test.context.support.DependencyInjectionTestExecutionListener@6771beb3, org.springframework.test.context.support.DirtiesContextTestExecutionListener@51399530, org.springframework.test.context.transaction.TransactionalTestExecutionListener@6b2ea799, org.springframework.test.context.jdbc.SqlScriptsTestExecutionListener@411f53a0]
 INFO [main] 2019-05-20 22:57:45 (XmlBeanDefinitionReader.java:316) Loading XML bean definitions from class path resource [applicationContext.xml]
 INFO [main] 2019-05-20 22:57:45 (AbstractApplicationContext.java:589) Refreshing org.springframework.context.support.GenericApplicationContext@710f4dc7: startup date [Mon May 20 22:57:45 CST 2019]; root of context hierarchy
 INFO [main] 2019-05-20 22:57:46 (TestStudent.java:25) test开始
 INFO [main] 2019-05-20 22:57:46 (TestStudent.java:42) try
 INFO [main] 2019-05-20 22:57:46 (TestStudent.java:47) finally
 INFO [main] 2019-05-20 22:57:46 (TestStudent.java:29) test结束
 INFO [Thread-1] 2019-05-20 22:57:46 (AbstractApplicationContext.java:989) Closing org.springframework.context.support.GenericApplicationContext@710f4dc7: startup date [Mon May 20 22:57:45 CST 2019]; root of context hierarchy
 INFO [main] 2019-05-20 22:59:52 (AbstractTestContextBootstrapper.java:257) Loaded default TestExecutionListener class names from location [META-INF/spring.factories]: [org.springframework.test.context.web.ServletTestExecutionListener, org.springframework.test.context.support.DirtiesContextBeforeModesTestExecutionListener, org.springframework.test.context.support.DependencyInjectionTestExecutionListener, org.springframework.test.context.support.DirtiesContextTestExecutionListener, org.springframework.test.context.transaction.TransactionalTestExecutionListener, org.springframework.test.context.jdbc.SqlScriptsTestExecutionListener]
 INFO [main] 2019-05-20 22:59:52 (AbstractTestContextBootstrapper.java:184) Using TestExecutionListeners: [org.springframework.test.context.web.ServletTestExecutionListener@30c15d8b, org.springframework.test.context.support.DirtiesContextBeforeModesTestExecutionListener@5e0e82ae, org.springframework.test.context.support.DependencyInjectionTestExecutionListener@6771beb3, org.springframework.test.context.support.DirtiesContextTestExecutionListener@51399530, org.springframework.test.context.transaction.TransactionalTestExecutionListener@6b2ea799, org.springframework.test.context.jdbc.SqlScriptsTestExecutionListener@411f53a0]
 INFO [main] 2019-05-20 22:59:52 (XmlBeanDefinitionReader.java:316) Loading XML bean definitions from class path resource [applicationContext.xml]
 INFO [main] 2019-05-20 22:59:52 (AbstractApplicationContext.java:589) Refreshing org.springframework.context.support.GenericApplicationContext@710f4dc7: startup date [Mon May 20 22:59:52 CST 2019]; root of context hierarchy
 INFO [main] 2019-05-20 22:59:53 (TestStudent.java:25) test开始
 INFO [main] 2019-05-20 22:59:54 (TestStudent.java:42) try
 INFO [main] 2019-05-20 22:59:54 (TestStudent.java:47) finally
 INFO [main] 2019-05-20 22:59:54 (TestStudent.java:29) test结束
 INFO [Thread-1] 2019-05-20 22:59:54 (AbstractApplicationContext.java:989) Closing org.springframework.context.support.GenericApplicationContext@710f4dc7: startup date [Mon May 20 22:59:52 CST 2019]; root of context hierarchy
 INFO [main] 2019-05-20 23:00:59 (AbstractTestContextBootstrapper.java:257) Loaded default TestExecutionListener class names from location [META-INF/spring.factories]: [org.springframework.test.context.web.ServletTestExecutionListener, org.springframework.test.context.support.DirtiesContextBeforeModesTestExecutionListener, org.springframework.test.context.support.DependencyInjectionTestExecutionListener, org.springframework.test.context.support.DirtiesContextTestExecutionListener, org.springframework.test.context.transaction.TransactionalTestExecutionListener, org.springframework.test.context.jdbc.SqlScriptsTestExecutionListener]
 INFO [main] 2019-05-20 23:00:59 (AbstractTestContextBootstrapper.java:184) Using TestExecutionListeners: [org.springframework.test.context.web.ServletTestExecutionListener@30c15d8b, org.springframework.test.context.support.DirtiesContextBeforeModesTestExecutionListener@5e0e82ae, org.springframework.test.context.support.DependencyInjectionTestExecutionListener@6771beb3, org.springframework.test.context.support.DirtiesContextTestExecutionListener@51399530, org.springframework.test.context.transaction.TransactionalTestExecutionListener@6b2ea799, org.springframework.test.context.jdbc.SqlScriptsTestExecutionListener@411f53a0]
 INFO [main] 2019-05-20 23:00:59 (XmlBeanDefinitionReader.java:316) Loading XML bean definitions from class path resource [applicationContext.xml]
 INFO [main] 2019-05-20 23:00:59 (AbstractApplicationContext.java:589) Refreshing org.springframework.context.support.GenericApplicationContext@710f4dc7: startup date [Mon May 20 23:00:59 CST 2019]; root of context hierarchy
 INFO [main] 2019-05-20 23:01:00 (TestStudent.java:25) test开始
 INFO [main] 2019-05-20 23:01:01 (TestStudent.java:42) try
 INFO [main] 2019-05-20 23:01:01 (TestStudent.java:47) finally
 INFO [main] 2019-05-20 23:01:01 (TestStudent.java:29) test结束
 INFO [Thread-1] 2019-05-20 23:01:01 (AbstractApplicationContext.java:989) Closing org.springframework.context.support.GenericApplicationContext@710f4dc7: startup date [Mon May 20 23:00:59 CST 2019]; root of context hierarchy
 INFO [main] 2019-05-20 23:01:36 (AbstractTestContextBootstrapper.java:257) Loaded default TestExecutionListener class names from location [META-INF/spring.factories]: [org.springframework.test.context.web.ServletTestExecutionListener, org.springframework.test.context.support.DirtiesContextBeforeModesTestExecutionListener, org.springframework.test.context.support.DependencyInjectionTestExecutionListener, org.springframework.test.context.support.DirtiesContextTestExecutionListener, org.springframework.test.context.transaction.TransactionalTestExecutionListener, org.springframework.test.context.jdbc.SqlScriptsTestExecutionListener]
 INFO [main] 2019-05-20 23:01:36 (AbstractTestContextBootstrapper.java:184) Using TestExecutionListeners: [org.springframework.test.context.web.ServletTestExecutionListener@30c15d8b, org.springframework.test.context.support.DirtiesContextBeforeModesTestExecutionListener@5e0e82ae, org.springframework.test.context.support.DependencyInjectionTestExecutionListener@6771beb3, org.springframework.test.context.support.DirtiesContextTestExecutionListener@51399530, org.springframework.test.context.transaction.TransactionalTestExecutionListener@6b2ea799, org.springframework.test.context.jdbc.SqlScriptsTestExecutionListener@411f53a0]
 INFO [main] 2019-05-20 23:01:36 (XmlBeanDefinitionReader.java:316) Loading XML bean definitions from class path resource [applicationContext.xml]
 INFO [main] 2019-05-20 23:01:37 (AbstractApplicationContext.java:589) Refreshing org.springframework.context.support.GenericApplicationContext@710f4dc7: startup date [Mon May 20 23:01:36 CST 2019]; root of context hierarchy
 INFO [main] 2019-05-20 23:01:38 (TestStudent.java:25) test开始
 INFO [main] 2019-05-20 23:01:38 (TestStudent.java:42) try
 INFO [main] 2019-05-20 23:01:38 (TestStudent.java:47) finally
 INFO [main] 2019-05-20 23:01:38 (TestStudent.java:29) test结束
 INFO [Thread-1] 2019-05-20 23:01:38 (AbstractApplicationContext.java:989) Closing org.springframework.context.support.GenericApplicationContext@710f4dc7: startup date [Mon May 20 23:01:36 CST 2019]; root of context hierarchy
 INFO [main] 2019-05-20 23:02:10 (AbstractTestContextBootstrapper.java:257) Loaded default TestExecutionListener class names from location [META-INF/spring.factories]: [org.springframework.test.context.web.ServletTestExecutionListener, org.springframework.test.context.support.DirtiesContextBeforeModesTestExecutionListener, org.springframework.test.context.support.DependencyInjectionTestExecutionListener, org.springframework.test.context.support.DirtiesContextTestExecutionListener, org.springframework.test.context.transaction.TransactionalTestExecutionListener, org.springframework.test.context.jdbc.SqlScriptsTestExecutionListener]
 INFO [main] 2019-05-20 23:02:10 (AbstractTestContextBootstrapper.java:184) Using TestExecutionListeners: [org.springframework.test.context.web.ServletTestExecutionListener@30c15d8b, org.springframework.test.context.support.DirtiesContextBeforeModesTestExecutionListener@5e0e82ae, org.springframework.test.context.support.DependencyInjectionTestExecutionListener@6771beb3, org.springframework.test.context.support.DirtiesContextTestExecutionListener@51399530, org.springframework.test.context.transaction.TransactionalTestExecutionListener@6b2ea799, org.springframework.test.context.jdbc.SqlScriptsTestExecutionListener@411f53a0]
 INFO [main] 2019-05-20 23:02:11 (XmlBeanDefinitionReader.java:316) Loading XML bean definitions from class path resource [applicationContext.xml]
 INFO [main] 2019-05-20 23:02:11 (AbstractApplicationContext.java:589) Refreshing org.springframework.context.support.GenericApplicationContext@710f4dc7: startup date [Mon May 20 23:02:11 CST 2019]; root of context hierarchy
 INFO [main] 2019-05-20 23:02:13 (TestStudent.java:25) test开始
 INFO [main] 2019-05-20 23:02:13 (TestStudent.java:42) try
 INFO [main] 2019-05-20 23:02:13 (TestStudent.java:47) finally
 INFO [main] 2019-05-20 23:02:13 (TestStudent.java:29) test结束
 INFO [Thread-1] 2019-05-20 23:02:13 (AbstractApplicationContext.java:989) Closing org.springframework.context.support.GenericApplicationContext@710f4dc7: startup date [Mon May 20 23:02:11 CST 2019]; root of context hierarchy
 INFO [main] 2019-05-20 23:02:39 (AbstractTestContextBootstrapper.java:257) Loaded default TestExecutionListener class names from location [META-INF/spring.factories]: [org.springframework.test.context.web.ServletTestExecutionListener, org.springframework.test.context.support.DirtiesContextBeforeModesTestExecutionListener, org.springframework.test.context.support.DependencyInjectionTestExecutionListener, org.springframework.test.context.support.DirtiesContextTestExecutionListener, org.springframework.test.context.transaction.TransactionalTestExecutionListener, org.springframework.test.context.jdbc.SqlScriptsTestExecutionListener]
 INFO [main] 2019-05-20 23:02:39 (AbstractTestContextBootstrapper.java:184) Using TestExecutionListeners: [org.springframework.test.context.web.ServletTestExecutionListener@30c15d8b, org.springframework.test.context.support.DirtiesContextBeforeModesTestExecutionListener@5e0e82ae, org.springframework.test.context.support.DependencyInjectionTestExecutionListener@6771beb3, org.springframework.test.context.support.DirtiesContextTestExecutionListener@51399530, org.springframework.test.context.transaction.TransactionalTestExecutionListener@6b2ea799, org.springframework.test.context.jdbc.SqlScriptsTestExecutionListener@411f53a0]
 INFO [main] 2019-05-20 23:02:39 (XmlBeanDefinitionReader.java:316) Loading XML bean definitions from class path resource [applicationContext.xml]
 INFO [main] 2019-05-20 23:02:39 (AbstractApplicationContext.java:589) Refreshing org.springframework.context.support.GenericApplicationContext@710f4dc7: startup date [Mon May 20 23:02:39 CST 2019]; root of context hierarchy
 INFO [main] 2019-05-20 23:02:40 (TestStudent.java:25) test开始
 INFO [main] 2019-05-20 23:02:41 (TestStudent.java:42) try
 INFO [main] 2019-05-20 23:02:41 (TestStudent.java:47) finally
 INFO [main] 2019-05-20 23:02:41 (TestStudent.java:29) test结束
 INFO [Thread-1] 2019-05-20 23:02:41 (AbstractApplicationContext.java:989) Closing org.springframework.context.support.GenericApplicationContext@710f4dc7: startup date [Mon May 20 23:02:39 CST 2019]; root of context hierarchy
 INFO [main] 2019-05-20 23:03:02 (AbstractTestContextBootstrapper.java:257) Loaded default TestExecutionListener class names from location [META-INF/spring.factories]: [org.springframework.test.context.web.ServletTestExecutionListener, org.springframework.test.context.support.DirtiesContextBeforeModesTestExecutionListener, org.springframework.test.context.support.DependencyInjectionTestExecutionListener, org.springframework.test.context.support.DirtiesContextTestExecutionListener, org.springframework.test.context.transaction.TransactionalTestExecutionListener, org.springframework.test.context.jdbc.SqlScriptsTestExecutionListener]
 INFO [main] 2019-05-20 23:03:02 (AbstractTestContextBootstrapper.java:184) Using TestExecutionListeners: [org.springframework.test.context.web.ServletTestExecutionListener@30c15d8b, org.springframework.test.context.support.DirtiesContextBeforeModesTestExecutionListener@5e0e82ae, org.springframework.test.context.support.DependencyInjectionTestExecutionListener@6771beb3, org.springframework.test.context.support.DirtiesContextTestExecutionListener@51399530, org.springframework.test.context.transaction.TransactionalTestExecutionListener@6b2ea799, org.springframework.test.context.jdbc.SqlScriptsTestExecutionListener@411f53a0]
 INFO [main] 2019-05-20 23:03:02 (XmlBeanDefinitionReader.java:316) Loading XML bean definitions from class path resource [applicationContext.xml]
 INFO [main] 2019-05-20 23:03:03 (AbstractApplicationContext.java:589) Refreshing org.springframework.context.support.GenericApplicationContext@710f4dc7: startup date [Mon May 20 23:03:03 CST 2019]; root of context hierarchy
 INFO [main] 2019-05-20 23:03:04 (TestStudent.java:25) test开始
 INFO [main] 2019-05-20 23:03:04 (TestStudent.java:42) try
 INFO [main] 2019-05-20 23:03:04 (TestStudent.java:47) finally
 INFO [main] 2019-05-20 23:03:04 (TestStudent.java:29) test结束
 INFO [Thread-1] 2019-05-20 23:03:04 (AbstractApplicationContext.java:989) Closing org.springframework.context.support.GenericApplicationContext@710f4dc7: startup date [Mon May 20 23:03:03 CST 2019]; root of context hierarchy
 INFO [main] 2019-05-20 23:03:31 (AbstractTestContextBootstrapper.java:257) Loaded default TestExecutionListener class names from location [META-INF/spring.factories]: [org.springframework.test.context.web.ServletTestExecutionListener, org.springframework.test.context.support.DirtiesContextBeforeModesTestExecutionListener, org.springframework.test.context.support.DependencyInjectionTestExecutionListener, org.springframework.test.context.support.DirtiesContextTestExecutionListener, org.springframework.test.context.transaction.TransactionalTestExecutionListener, org.springframework.test.context.jdbc.SqlScriptsTestExecutionListener]
 INFO [main] 2019-05-20 23:03:31 (AbstractTestContextBootstrapper.java:184) Using TestExecutionListeners: [org.springframework.test.context.web.ServletTestExecutionListener@30c15d8b, org.springframework.test.context.support.DirtiesContextBeforeModesTestExecutionListener@5e0e82ae, org.springframework.test.context.support.DependencyInjectionTestExecutionListener@6771beb3, org.springframework.test.context.support.DirtiesContextTestExecutionListener@51399530, org.springframework.test.context.transaction.TransactionalTestExecutionListener@6b2ea799, org.springframework.test.context.jdbc.SqlScriptsTestExecutionListener@411f53a0]
 INFO [main] 2019-05-20 23:03:31 (XmlBeanDefinitionReader.java:316) Loading XML bean definitions from class path resource [applicationContext.xml]
 INFO [main] 2019-05-20 23:03:32 (AbstractApplicationContext.java:589) Refreshing org.springframework.context.support.GenericApplicationContext@710f4dc7: startup date [Mon May 20 23:03:32 CST 2019]; root of context hierarchy
 INFO [main] 2019-05-20 23:03:33 (TestStudent.java:25) test开始
 INFO [main] 2019-05-20 23:03:33 (TestStudent.java:42) try
 INFO [main] 2019-05-20 23:03:33 (TestStudent.java:47) finally
 INFO [main] 2019-05-20 23:03:33 (TestStudent.java:29) test结束
 INFO [Thread-1] 2019-05-20 23:03:33 (AbstractApplicationContext.java:989) Closing org.springframework.context.support.GenericApplicationContext@710f4dc7: startup date [Mon May 20 23:03:32 CST 2019]; root of context hierarchy
 INFO [main] 2019-05-20 23:07:42 (AbstractApplicationContext.java:589) Refreshing org.springframework.context.support.ClassPathXmlApplicationContext@221af3c0: startup date [Mon May 20 23:07:42 CST 2019]; root of context hierarchy
 INFO [main] 2019-05-20 23:07:42 (XmlBeanDefinitionReader.java:316) Loading XML bean definitions from class path resource [applicationContext.xml]
 INFO [main] 2019-05-20 23:07:44 (StudentController.java:36) debug
 INFO [main] 2019-05-20 23:09:21 (AbstractTestContextBootstrapper.java:257) Loaded default TestExecutionListener class names from location [META-INF/spring.factories]: [org.springframework.test.context.web.ServletTestExecutionListener, org.springframework.test.context.support.DirtiesContextBeforeModesTestExecutionListener, org.springframework.test.context.support.DependencyInjectionTestExecutionListener, org.springframework.test.context.support.DirtiesContextTestExecutionListener, org.springframework.test.context.transaction.TransactionalTestExecutionListener, org.springframework.test.context.jdbc.SqlScriptsTestExecutionListener]
 INFO [main] 2019-05-20 23:09:21 (AbstractTestContextBootstrapper.java:184) Using TestExecutionListeners: [org.springframework.test.context.web.ServletTestExecutionListener@30c15d8b, org.springframework.test.context.support.DirtiesContextBeforeModesTestExecutionListener@5e0e82ae, org.springframework.test.context.support.DependencyInjectionTestExecutionListener@6771beb3, org.springframework.test.context.support.DirtiesContextTestExecutionListener@51399530, org.springframework.test.context.transaction.TransactionalTestExecutionListener@6b2ea799, org.springframework.test.context.jdbc.SqlScriptsTestExecutionListener@411f53a0]
 INFO [main] 2019-05-20 23:09:21 (XmlBeanDefinitionReader.java:316) Loading XML bean definitions from class path resource [applicationContext.xml]
 INFO [main] 2019-05-20 23:09:22 (AbstractApplicationContext.java:589) Refreshing org.springframework.context.support.GenericApplicationContext@710f4dc7: startup date [Mon May 20 23:09:22 CST 2019]; root of context hierarchy
 INFO [main] 2019-05-20 23:09:23 (TestStudent.java:25) test开始
 INFO [main] 2019-05-20 23:09:24 (TestStudent.java:29) test结束
 INFO [Thread-1] 2019-05-20 23:09:24 (AbstractApplicationContext.java:989) Closing org.springframework.context.support.GenericApplicationContext@710f4dc7: startup date [Mon May 20 23:09:22 CST 2019]; root of context hierarchy
 INFO [main] 2019-05-20 23:09:35 (AbstractTestContextBootstrapper.java:257) Loaded default TestExecutionListener class names from location [META-INF/spring.factories]: [org.springframework.test.context.web.ServletTestExecutionListener, org.springframework.test.context.support.DirtiesContextBeforeModesTestExecutionListener, org.springframework.test.context.support.DependencyInjectionTestExecutionListener, org.springframework.test.context.support.DirtiesContextTestExecutionListener, org.springframework.test.context.transaction.TransactionalTestExecutionListener, org.springframework.test.context.jdbc.SqlScriptsTestExecutionListener]
 INFO [main] 2019-05-20 23:09:35 (AbstractTestContextBootstrapper.java:184) Using TestExecutionListeners: [org.springframework.test.context.web.ServletTestExecutionListener@30c15d8b, org.springframework.test.context.support.DirtiesContextBeforeModesTestExecutionListener@5e0e82ae, org.springframework.test.context.support.DependencyInjectionTestExecutionListener@6771beb3, org.springframework.test.context.support.DirtiesContextTestExecutionListener@51399530, org.springframework.test.context.transaction.TransactionalTestExecutionListener@6b2ea799, org.springframework.test.context.jdbc.SqlScriptsTestExecutionListener@411f53a0]
 INFO [main] 2019-05-20 23:09:35 (XmlBeanDefinitionReader.java:316) Loading XML bean definitions from class path resource [applicationContext.xml]
 INFO [main] 2019-05-20 23:09:36 (AbstractApplicationContext.java:589) Refreshing org.springframework.context.support.GenericApplicationContext@710f4dc7: startup date [Mon May 20 23:09:36 CST 2019]; root of context hierarchy
 INFO [main] 2019-05-20 23:09:37 (TestStudent.java:25) test开始
 INFO [main] 2019-05-20 23:09:38 (TestStudent.java:42) try
 INFO [main] 2019-05-20 23:09:38 (TestStudent.java:47) finally
 INFO [main] 2019-05-20 23:09:38 (TestStudent.java:29) test结束
 INFO [Thread-1] 2019-05-20 23:09:38 (AbstractApplicationContext.java:989) Closing org.springframework.context.support.GenericApplicationContext@710f4dc7: startup date [Mon May 20 23:09:36 CST 2019]; root of context hierarchy
 INFO [main] 2019-05-20 23:10:20 (AbstractTestContextBootstrapper.java:257) Loaded default TestExecutionListener class names from location [META-INF/spring.factories]: [org.springframework.test.context.web.ServletTestExecutionListener, org.springframework.test.context.support.DirtiesContextBeforeModesTestExecutionListener, org.springframework.test.context.support.DependencyInjectionTestExecutionListener, org.springframework.test.context.support.DirtiesContextTestExecutionListener, org.springframework.test.context.transaction.TransactionalTestExecutionListener, org.springframework.test.context.jdbc.SqlScriptsTestExecutionListener]
 INFO [main] 2019-05-20 23:10:20 (AbstractTestContextBootstrapper.java:184) Using TestExecutionListeners: [org.springframework.test.context.web.ServletTestExecutionListener@30c15d8b, org.springframework.test.context.support.DirtiesContextBeforeModesTestExecutionListener@5e0e82ae, org.springframework.test.context.support.DependencyInjectionTestExecutionListener@6771beb3, org.springframework.test.context.support.DirtiesContextTestExecutionListener@51399530, org.springframework.test.context.transaction.TransactionalTestExecutionListener@6b2ea799, org.springframework.test.context.jdbc.SqlScriptsTestExecutionListener@411f53a0]
 INFO [main] 2019-05-20 23:10:20 (XmlBeanDefinitionReader.java:316) Loading XML bean definitions from class path resource [applicationContext.xml]
 INFO [main] 2019-05-20 23:10:21 (AbstractApplicationContext.java:589) Refreshing org.springframework.context.support.GenericApplicationContext@710f4dc7: startup date [Mon May 20 23:10:21 CST 2019]; root of context hierarchy
 INFO [main] 2019-05-20 23:10:22 (TestStudent.java:25) test开始
 INFO [main] 2019-05-20 23:10:22 (TestStudent.java:42) try
 INFO [main] 2019-05-20 23:10:22 (TestStudent.java:47) finally
 INFO [main] 2019-05-20 23:10:22 (TestStudent.java:29) test结束
 INFO [Thread-1] 2019-05-20 23:10:22 (AbstractApplicationContext.java:989) Closing org.springframework.context.support.GenericApplicationContext@710f4dc7: startup date [Mon May 20 23:10:21 CST 2019]; root of context hierarchy
 INFO [main] 2019-05-20 23:10:42 (AbstractTestContextBootstrapper.java:257) Loaded default TestExecutionListener class names from location [META-INF/spring.factories]: [org.springframework.test.context.web.ServletTestExecutionListener, org.springframework.test.context.support.DirtiesContextBeforeModesTestExecutionListener, org.springframework.test.context.support.DependencyInjectionTestExecutionListener, org.springframework.test.context.support.DirtiesContextTestExecutionListener, org.springframework.test.context.transaction.TransactionalTestExecutionListener, org.springframework.test.context.jdbc.SqlScriptsTestExecutionListener]
 INFO [main] 2019-05-20 23:10:42 (AbstractTestContextBootstrapper.java:184) Using TestExecutionListeners: [org.springframework.test.context.web.ServletTestExecutionListener@30c15d8b, org.springframework.test.context.support.DirtiesContextBeforeModesTestExecutionListener@5e0e82ae, org.springframework.test.context.support.DependencyInjectionTestExecutionListener@6771beb3, org.springframework.test.context.support.DirtiesContextTestExecutionListener@51399530, org.springframework.test.context.transaction.TransactionalTestExecutionListener@6b2ea799, org.springframework.test.context.jdbc.SqlScriptsTestExecutionListener@411f53a0]
 INFO [main] 2019-05-20 23:10:42 (XmlBeanDefinitionReader.java:316) Loading XML bean definitions from class path resource [applicationContext.xml]
 INFO [main] 2019-05-20 23:10:43 (AbstractApplicationContext.java:589) Refreshing org.springframework.context.support.GenericApplicationContext@710f4dc7: startup date [Mon May 20 23:10:43 CST 2019]; root of context hierarchy
 INFO [main] 2019-05-20 23:10:44 (TestStudent.java:25) test开始
 INFO [main] 2019-05-20 23:10:44 (TestStudent.java:42) try
 INFO [main] 2019-05-20 23:10:44 (TestStudent.java:47) finally
 INFO [main] 2019-05-20 23:10:44 (TestStudent.java:29) test结束
 INFO [Thread-1] 2019-05-20 23:10:44 (AbstractApplicationContext.java:989) Closing org.springframework.context.support.GenericApplicationContext@710f4dc7: startup date [Mon May 20 23:10:43 CST 2019]; root of context hierarchy
 INFO [main] 2019-05-20 23:12:39 (AbstractApplicationContext.java:589) Refreshing org.springframework.context.support.ClassPathXmlApplicationContext@221af3c0: startup date [Mon May 20 23:12:39 CST 2019]; root of context hierarchy
 INFO [main] 2019-05-20 23:12:39 (XmlBeanDefinitionReader.java:316) Loading XML bean definitions from class path resource [applicationContext.xml]
 INFO [main] 2019-05-20 23:12:41 (StudentController.java:36) debug
