DEBUG [main] 2019-05-23 23:00:06 (ClassPathScanningCandidateComponentProvider.java:437) Identified candidate component class: file [D:\IT\MyJavaPro\itxzy_task2\target\classes\mapper\StudentMapper.class]
DEBUG [main] 2019-05-23 23:00:06 (ClassPathMapperScanner.java:180) Creating MapperFactoryBean with name 'studentMapper' and 'mapper.StudentMapper' mapperInterface
DEBUG [main] 2019-05-23 23:02:07 (ClassPathScanningCandidateComponentProvider.java:437) Identified candidate component class: file [D:\IT\MyJavaPro\itxzy_task2\target\classes\mapper\StudentMapper.class]
DEBUG [main] 2019-05-23 23:02:07 (ClassPathMapperScanner.java:180) Creating MapperFactoryBean with name 'studentMapper' and 'mapper.StudentMapper' mapperInterface
DEBUG [PathWatcher@38e83838] 2019-05-23 23:02:20 (ClassPathScanningCandidateComponentProvider.java:437) Identified candidate component class: file [D:\IT\MyJavaPro\itxzy_task2\target\classes\mapper\StudentMapper.class]
DEBUG [PathWatcher@38e83838] 2019-05-23 23:02:20 (ClassPathMapperScanner.java:180) Creating MapperFactoryBean with name 'studentMapper' and 'mapper.StudentMapper' mapperInterface
DEBUG [PathWatcher@38e83838] 2019-05-23 23:03:31 (ClassPathScanningCandidateComponentProvider.java:437) Identified candidate component class: file [D:\IT\MyJavaPro\itxzy_task2\target\classes\mapper\StudentMapper.class]
DEBUG [PathWatcher@38e83838] 2019-05-23 23:03:31 (ClassPathMapperScanner.java:180) Creating MapperFactoryBean with name 'studentMapper' and 'mapper.StudentMapper' mapperInterface
DEBUG [PathWatcher@38e83838] 2019-05-23 23:03:43 (ClassPathScanningCandidateComponentProvider.java:437) Identified candidate component class: file [D:\IT\MyJavaPro\itxzy_task2\target\classes\mapper\StudentMapper.class]
DEBUG [PathWatcher@38e83838] 2019-05-23 23:03:43 (ClassPathMapperScanner.java:180) Creating MapperFactoryBean with name 'studentMapper' and 'mapper.StudentMapper' mapperInterface
DEBUG [PathWatcher@38e83838] 2019-05-23 23:04:21 (ClassPathScanningCandidateComponentProvider.java:437) Identified candidate component class: file [D:\IT\MyJavaPro\itxzy_task2\target\classes\mapper\StudentMapper.class]
DEBUG [PathWatcher@38e83838] 2019-05-23 23:04:21 (ClassPathMapperScanner.java:180) Creating MapperFactoryBean with name 'studentMapper' and 'mapper.StudentMapper' mapperInterface
DEBUG [PathWatcher@38e83838] 2019-05-23 23:04:32 (ClassPathScanningCandidateComponentProvider.java:437) Identified candidate component class: file [D:\IT\MyJavaPro\itxzy_task2\target\classes\mapper\StudentMapper.class]
DEBUG [PathWatcher@38e83838] 2019-05-23 23:04:32 (ClassPathMapperScanner.java:180) Creating MapperFactoryBean with name 'studentMapper' and 'mapper.StudentMapper' mapperInterface
DEBUG [PathWatcher@38e83838] 2019-05-23 23:07:04 (ClassPathScanningCandidateComponentProvider.java:437) Identified candidate component class: file [D:\IT\MyJavaPro\itxzy_task2\target\classes\mapper\StudentMapper.class]
DEBUG [PathWatcher@38e83838] 2019-05-23 23:07:04 (ClassPathMapperScanner.java:180) Creating MapperFactoryBean with name 'studentMapper' and 'mapper.StudentMapper' mapperInterface
DEBUG [main] 2019-05-23 23:07:23 (ClassPathScanningCandidateComponentProvider.java:437) Identified candidate component class: file [D:\IT\MyJavaPro\itxzy_task2\target\classes\mapper\StudentMapper.class]
DEBUG [main] 2019-05-23 23:07:23 (ClassPathMapperScanner.java:180) Creating MapperFactoryBean with name 'studentMapper' and 'mapper.StudentMapper' mapperInterface
DEBUG [PathWatcher@177ede17] 2019-05-23 23:07:36 (ClassPathScanningCandidateComponentProvider.java:437) Identified candidate component class: file [D:\IT\MyJavaPro\itxzy_task2\target\classes\mapper\StudentMapper.class]
DEBUG [PathWatcher@177ede17] 2019-05-23 23:07:36 (ClassPathMapperScanner.java:180) Creating MapperFactoryBean with name 'studentMapper' and 'mapper.StudentMapper' mapperInterface
DEBUG [PathWatcher@177ede17] 2019-05-23 23:07:58 (ClassPathScanningCandidateComponentProvider.java:437) Identified candidate component class: file [D:\IT\MyJavaPro\itxzy_task2\target\classes\mapper\StudentMapper.class]
DEBUG [PathWatcher@177ede17] 2019-05-23 23:07:58 (ClassPathMapperScanner.java:180) Creating MapperFactoryBean with name 'studentMapper' and 'mapper.StudentMapper' mapperInterface
DEBUG [PathWatcher@177ede17] 2019-05-23 23:08:19 (ClassPathScanningCandidateComponentProvider.java:437) Identified candidate component class: file [D:\IT\MyJavaPro\itxzy_task2\target\classes\mapper\StudentMapper.class]
DEBUG [PathWatcher@177ede17] 2019-05-23 23:08:19 (ClassPathMapperScanner.java:180) Creating MapperFactoryBean with name 'studentMapper' and 'mapper.StudentMapper' mapperInterface
DEBUG [PathWatcher@177ede17] 2019-05-23 23:08:37 (ClassPathScanningCandidateComponentProvider.java:437) Identified candidate component class: file [D:\IT\MyJavaPro\itxzy_task2\target\classes\mapper\StudentMapper.class]
DEBUG [PathWatcher@177ede17] 2019-05-23 23:08:37 (ClassPathMapperScanner.java:180) Creating MapperFactoryBean with name 'studentMapper' and 'mapper.StudentMapper' mapperInterface
DEBUG [PathWatcher@177ede17] 2019-05-23 23:08:55 (ClassPathScanningCandidateComponentProvider.java:437) Identified candidate component class: file [D:\IT\MyJavaPro\itxzy_task2\target\classes\mapper\StudentMapper.class]
DEBUG [PathWatcher@177ede17] 2019-05-23 23:08:55 (ClassPathMapperScanner.java:180) Creating MapperFactoryBean with name 'studentMapper' and 'mapper.StudentMapper' mapperInterface
DEBUG [PathWatcher@177ede17] 2019-05-23 23:09:35 (ClassPathScanningCandidateComponentProvider.java:437) Identified candidate component class: file [D:\IT\MyJavaPro\itxzy_task2\target\classes\mapper\StudentMapper.class]
DEBUG [PathWatcher@177ede17] 2019-05-23 23:09:35 (ClassPathMapperScanner.java:180) Creating MapperFactoryBean with name 'studentMapper' and 'mapper.StudentMapper' mapperInterface
DEBUG [PathWatcher@177ede17] 2019-05-23 23:11:34 (ClassPathScanningCandidateComponentProvider.java:437) Identified candidate component class: file [D:\IT\MyJavaPro\itxzy_task2\target\classes\mapper\StudentMapper.class]
DEBUG [PathWatcher@177ede17] 2019-05-23 23:11:34 (ClassPathMapperScanner.java:180) Creating MapperFactoryBean with name 'studentMapper' and 'mapper.StudentMapper' mapperInterface
DEBUG [PathWatcher@177ede17] 2019-05-23 23:11:50 (ClassPathScanningCandidateComponentProvider.java:437) Identified candidate component class: file [D:\IT\MyJavaPro\itxzy_task2\target\classes\mapper\StudentMapper.class]
DEBUG [PathWatcher@177ede17] 2019-05-23 23:11:50 (ClassPathMapperScanner.java:180) Creating MapperFactoryBean with name 'studentMapper' and 'mapper.StudentMapper' mapperInterface
DEBUG [PathWatcher@177ede17] 2019-05-23 23:12:21 (ClassPathScanningCandidateComponentProvider.java:437) Identified candidate component class: file [D:\IT\MyJavaPro\itxzy_task2\target\classes\mapper\StudentMapper.class]
DEBUG [PathWatcher@177ede17] 2019-05-23 23:12:21 (ClassPathMapperScanner.java:180) Creating MapperFactoryBean with name 'studentMapper' and 'mapper.StudentMapper' mapperInterface
DEBUG [PathWatcher@177ede17] 2019-05-23 23:12:40 (ClassPathScanningCandidateComponentProvider.java:437) Identified candidate component class: file [D:\IT\MyJavaPro\itxzy_task2\target\classes\mapper\StudentMapper.class]
DEBUG [PathWatcher@177ede17] 2019-05-23 23:12:40 (ClassPathMapperScanner.java:180) Creating MapperFactoryBean with name 'studentMapper' and 'mapper.StudentMapper' mapperInterface
DEBUG [PathWatcher@177ede17] 2019-05-23 23:13:13 (ClassPathScanningCandidateComponentProvider.java:437) Identified candidate component class: file [D:\IT\MyJavaPro\itxzy_task2\target\classes\mapper\StudentMapper.class]
DEBUG [PathWatcher@177ede17] 2019-05-23 23:13:13 (ClassPathMapperScanner.java:180) Creating MapperFactoryBean with name 'studentMapper' and 'mapper.StudentMapper' mapperInterface
DEBUG [PathWatcher@177ede17] 2019-05-23 23:14:08 (ClassPathScanningCandidateComponentProvider.java:437) Identified candidate component class: file [D:\IT\MyJavaPro\itxzy_task2\target\classes\mapper\StudentMapper.class]
DEBUG [PathWatcher@177ede17] 2019-05-23 23:14:08 (ClassPathMapperScanner.java:180) Creating MapperFactoryBean with name 'studentMapper' and 'mapper.StudentMapper' mapperInterface
DEBUG [PathWatcher@177ede17] 2019-05-23 23:14:24 (ClassPathScanningCandidateComponentProvider.java:437) Identified candidate component class: file [D:\IT\MyJavaPro\itxzy_task2\target\classes\mapper\StudentMapper.class]
DEBUG [PathWatcher@177ede17] 2019-05-23 23:14:24 (ClassPathMapperScanner.java:180) Creating MapperFactoryBean with name 'studentMapper' and 'mapper.StudentMapper' mapperInterface
DEBUG [PathWatcher@177ede17] 2019-05-23 23:14:32 (ClassPathScanningCandidateComponentProvider.java:437) Identified candidate component class: file [D:\IT\MyJavaPro\itxzy_task2\target\classes\mapper\StudentMapper.class]
DEBUG [PathWatcher@177ede17] 2019-05-23 23:14:32 (ClassPathMapperScanner.java:180) Creating MapperFactoryBean with name 'studentMapper' and 'mapper.StudentMapper' mapperInterface
DEBUG [PathWatcher@177ede17] 2019-05-23 23:14:42 (ClassPathScanningCandidateComponentProvider.java:437) Identified candidate component class: file [D:\IT\MyJavaPro\itxzy_task2\target\classes\mapper\StudentMapper.class]
DEBUG [PathWatcher@177ede17] 2019-05-23 23:14:42 (ClassPathMapperScanner.java:180) Creating MapperFactoryBean with name 'studentMapper' and 'mapper.StudentMapper' mapperInterface
DEBUG [PathWatcher@177ede17] 2019-05-23 23:15:44 (ClassPathScanningCandidateComponentProvider.java:437) Identified candidate component class: file [D:\IT\MyJavaPro\itxzy_task2\target\classes\mapper\StudentMapper.class]
DEBUG [PathWatcher@177ede17] 2019-05-23 23:15:44 (ClassPathMapperScanner.java:180) Creating MapperFactoryBean with name 'studentMapper' and 'mapper.StudentMapper' mapperInterface
DEBUG [PathWatcher@177ede17] 2019-05-23 23:15:50 (ClassPathScanningCandidateComponentProvider.java:437) Identified candidate component class: file [D:\IT\MyJavaPro\itxzy_task2\target\classes\mapper\StudentMapper.class]
DEBUG [PathWatcher@177ede17] 2019-05-23 23:15:50 (ClassPathMapperScanner.java:180) Creating MapperFactoryBean with name 'studentMapper' and 'mapper.StudentMapper' mapperInterface
DEBUG [PathWatcher@177ede17] 2019-05-23 23:16:02 (ClassPathScanningCandidateComponentProvider.java:437) Identified candidate component class: file [D:\IT\MyJavaPro\itxzy_task2\target\classes\mapper\StudentMapper.class]
DEBUG [PathWatcher@177ede17] 2019-05-23 23:16:02 (ClassPathMapperScanner.java:180) Creating MapperFactoryBean with name 'studentMapper' and 'mapper.StudentMapper' mapperInterface
DEBUG [PathWatcher@177ede17] 2019-05-23 23:16:27 (ClassPathScanningCandidateComponentProvider.java:437) Identified candidate component class: file [D:\IT\MyJavaPro\itxzy_task2\target\classes\mapper\StudentMapper.class]
DEBUG [PathWatcher@177ede17] 2019-05-23 23:16:27 (ClassPathMapperScanner.java:180) Creating MapperFactoryBean with name 'studentMapper' and 'mapper.StudentMapper' mapperInterface
DEBUG [PathWatcher@177ede17] 2019-05-23 23:16:39 (ClassPathScanningCandidateComponentProvider.java:437) Identified candidate component class: file [D:\IT\MyJavaPro\itxzy_task2\target\classes\mapper\StudentMapper.class]
DEBUG [PathWatcher@177ede17] 2019-05-23 23:16:39 (ClassPathMapperScanner.java:180) Creating MapperFactoryBean with name 'studentMapper' and 'mapper.StudentMapper' mapperInterface
DEBUG [PathWatcher@177ede17] 2019-05-23 23:16:49 (ClassPathScanningCandidateComponentProvider.java:437) Identified candidate component class: file [D:\IT\MyJavaPro\itxzy_task2\target\classes\mapper\StudentMapper.class]
DEBUG [PathWatcher@177ede17] 2019-05-23 23:16:49 (ClassPathMapperScanner.java:180) Creating MapperFactoryBean with name 'studentMapper' and 'mapper.StudentMapper' mapperInterface
DEBUG [PathWatcher@177ede17] 2019-05-23 23:17:37 (ClassPathScanningCandidateComponentProvider.java:437) Identified candidate component class: file [D:\IT\MyJavaPro\itxzy_task2\target\classes\mapper\StudentMapper.class]
DEBUG [PathWatcher@177ede17] 2019-05-23 23:17:37 (ClassPathMapperScanner.java:180) Creating MapperFactoryBean with name 'studentMapper' and 'mapper.StudentMapper' mapperInterface
DEBUG [PathWatcher@177ede17] 2019-05-23 23:18:09 (ClassPathScanningCandidateComponentProvider.java:437) Identified candidate component class: file [D:\IT\MyJavaPro\itxzy_task2\target\classes\mapper\StudentMapper.class]
DEBUG [PathWatcher@177ede17] 2019-05-23 23:18:09 (ClassPathMapperScanner.java:180) Creating MapperFactoryBean with name 'studentMapper' and 'mapper.StudentMapper' mapperInterface
DEBUG [PathWatcher@177ede17] 2019-05-23 23:18:33 (ClassPathScanningCandidateComponentProvider.java:437) Identified candidate component class: file [D:\IT\MyJavaPro\itxzy_task2\target\classes\mapper\StudentMapper.class]
DEBUG [PathWatcher@177ede17] 2019-05-23 23:18:33 (ClassPathMapperScanner.java:180) Creating MapperFactoryBean with name 'studentMapper' and 'mapper.StudentMapper' mapperInterface
DEBUG [PathWatcher@177ede17] 2019-05-23 23:19:37 (ClassPathScanningCandidateComponentProvider.java:437) Identified candidate component class: file [D:\IT\MyJavaPro\itxzy_task2\target\classes\mapper\StudentMapper.class]
DEBUG [PathWatcher@177ede17] 2019-05-23 23:19:37 (ClassPathMapperScanner.java:180) Creating MapperFactoryBean with name 'studentMapper' and 'mapper.StudentMapper' mapperInterface
DEBUG [PathWatcher@177ede17] 2019-05-23 23:20:00 (ClassPathScanningCandidateComponentProvider.java:437) Identified candidate component class: file [D:\IT\MyJavaPro\itxzy_task2\target\classes\mapper\StudentMapper.class]
DEBUG [PathWatcher@177ede17] 2019-05-23 23:20:00 (ClassPathMapperScanner.java:180) Creating MapperFactoryBean with name 'studentMapper' and 'mapper.StudentMapper' mapperInterface
DEBUG [PathWatcher@177ede17] 2019-05-23 23:20:10 (ClassPathScanningCandidateComponentProvider.java:437) Identified candidate component class: file [D:\IT\MyJavaPro\itxzy_task2\target\classes\mapper\StudentMapper.class]
DEBUG [PathWatcher@177ede17] 2019-05-23 23:20:10 (ClassPathMapperScanner.java:180) Creating MapperFactoryBean with name 'studentMapper' and 'mapper.StudentMapper' mapperInterface
DEBUG [PathWatcher@177ede17] 2019-05-23 23:20:48 (ClassPathScanningCandidateComponentProvider.java:437) Identified candidate component class: file [D:\IT\MyJavaPro\itxzy_task2\target\classes\mapper\StudentMapper.class]
DEBUG [PathWatcher@177ede17] 2019-05-23 23:20:48 (ClassPathMapperScanner.java:180) Creating MapperFactoryBean with name 'studentMapper' and 'mapper.StudentMapper' mapperInterface
DEBUG [PathWatcher@177ede17] 2019-05-23 23:21:18 (ClassPathScanningCandidateComponentProvider.java:437) Identified candidate component class: file [D:\IT\MyJavaPro\itxzy_task2\target\classes\mapper\StudentMapper.class]
DEBUG [PathWatcher@177ede17] 2019-05-23 23:21:18 (ClassPathMapperScanner.java:180) Creating MapperFactoryBean with name 'studentMapper' and 'mapper.StudentMapper' mapperInterface
DEBUG [PathWatcher@177ede17] 2019-05-23 23:21:35 (ClassPathScanningCandidateComponentProvider.java:437) Identified candidate component class: file [D:\IT\MyJavaPro\itxzy_task2\target\classes\mapper\StudentMapper.class]
DEBUG [PathWatcher@177ede17] 2019-05-23 23:21:35 (ClassPathMapperScanner.java:180) Creating MapperFactoryBean with name 'studentMapper' and 'mapper.StudentMapper' mapperInterface
DEBUG [PathWatcher@177ede17] 2019-05-23 23:23:28 (ClassPathScanningCandidateComponentProvider.java:437) Identified candidate component class: file [D:\IT\MyJavaPro\itxzy_task2\target\classes\mapper\StudentMapper.class]
DEBUG [PathWatcher@177ede17] 2019-05-23 23:23:28 (ClassPathMapperScanner.java:180) Creating MapperFactoryBean with name 'studentMapper' and 'mapper.StudentMapper' mapperInterface
DEBUG [PathWatcher@177ede17] 2019-05-23 23:24:27 (ClassPathScanningCandidateComponentProvider.java:437) Identified candidate component class: file [D:\IT\MyJavaPro\itxzy_task2\target\classes\mapper\StudentMapper.class]
DEBUG [PathWatcher@177ede17] 2019-05-23 23:24:27 (ClassPathMapperScanner.java:180) Creating MapperFactoryBean with name 'studentMapper' and 'mapper.StudentMapper' mapperInterface
DEBUG [PathWatcher@177ede17] 2019-05-23 23:24:44 (ClassPathScanningCandidateComponentProvider.java:437) Identified candidate component class: file [D:\IT\MyJavaPro\itxzy_task2\target\classes\mapper\StudentMapper.class]
DEBUG [PathWatcher@177ede17] 2019-05-23 23:24:44 (ClassPathMapperScanner.java:180) Creating MapperFactoryBean with name 'studentMapper' and 'mapper.StudentMapper' mapperInterface
DEBUG [PathWatcher@177ede17] 2019-05-23 23:24:59 (ClassPathScanningCandidateComponentProvider.java:437) Identified candidate component class: file [D:\IT\MyJavaPro\itxzy_task2\target\classes\mapper\StudentMapper.class]
DEBUG [PathWatcher@177ede17] 2019-05-23 23:24:59 (ClassPathMapperScanner.java:180) Creating MapperFactoryBean with name 'studentMapper' and 'mapper.StudentMapper' mapperInterface
DEBUG [PathWatcher@177ede17] 2019-05-23 23:25:12 (ClassPathScanningCandidateComponentProvider.java:437) Identified candidate component class: file [D:\IT\MyJavaPro\itxzy_task2\target\classes\mapper\StudentMapper.class]
DEBUG [PathWatcher@177ede17] 2019-05-23 23:25:12 (ClassPathMapperScanner.java:180) Creating MapperFactoryBean with name 'studentMapper' and 'mapper.StudentMapper' mapperInterface
DEBUG [PathWatcher@177ede17] 2019-05-23 23:25:44 (ClassPathScanningCandidateComponentProvider.java:437) Identified candidate component class: file [D:\IT\MyJavaPro\itxzy_task2\target\classes\mapper\StudentMapper.class]
DEBUG [PathWatcher@177ede17] 2019-05-23 23:25:44 (ClassPathMapperScanner.java:180) Creating MapperFactoryBean with name 'studentMapper' and 'mapper.StudentMapper' mapperInterface
DEBUG [PathWatcher@177ede17] 2019-05-23 23:25:52 (ClassPathScanningCandidateComponentProvider.java:437) Identified candidate component class: file [D:\IT\MyJavaPro\itxzy_task2\target\classes\mapper\StudentMapper.class]
DEBUG [PathWatcher@177ede17] 2019-05-23 23:25:52 (ClassPathMapperScanner.java:180) Creating MapperFactoryBean with name 'studentMapper' and 'mapper.StudentMapper' mapperInterface
DEBUG [PathWatcher@177ede17] 2019-05-23 23:26:06 (ClassPathScanningCandidateComponentProvider.java:437) Identified candidate component class: file [D:\IT\MyJavaPro\itxzy_task2\target\classes\mapper\StudentMapper.class]
DEBUG [PathWatcher@177ede17] 2019-05-23 23:26:06 (ClassPathMapperScanner.java:180) Creating MapperFactoryBean with name 'studentMapper' and 'mapper.StudentMapper' mapperInterface
DEBUG [PathWatcher@177ede17] 2019-05-23 23:26:14 (ClassPathScanningCandidateComponentProvider.java:437) Identified candidate component class: file [D:\IT\MyJavaPro\itxzy_task2\target\classes\mapper\StudentMapper.class]
DEBUG [PathWatcher@177ede17] 2019-05-23 23:26:14 (ClassPathMapperScanner.java:180) Creating MapperFactoryBean with name 'studentMapper' and 'mapper.StudentMapper' mapperInterface
DEBUG [PathWatcher@177ede17] 2019-05-23 23:26:24 (ClassPathScanningCandidateComponentProvider.java:437) Identified candidate component class: file [D:\IT\MyJavaPro\itxzy_task2\target\classes\mapper\StudentMapper.class]
DEBUG [PathWatcher@177ede17] 2019-05-23 23:26:24 (ClassPathMapperScanner.java:180) Creating MapperFactoryBean with name 'studentMapper' and 'mapper.StudentMapper' mapperInterface
DEBUG [PathWatcher@177ede17] 2019-05-23 23:26:32 (ClassPathScanningCandidateComponentProvider.java:437) Identified candidate component class: file [D:\IT\MyJavaPro\itxzy_task2\target\classes\mapper\StudentMapper.class]
DEBUG [PathWatcher@177ede17] 2019-05-23 23:26:32 (ClassPathMapperScanner.java:180) Creating MapperFactoryBean with name 'studentMapper' and 'mapper.StudentMapper' mapperInterface
DEBUG [PathWatcher@177ede17] 2019-05-23 23:26:59 (ClassPathScanningCandidateComponentProvider.java:437) Identified candidate component class: file [D:\IT\MyJavaPro\itxzy_task2\target\classes\mapper\StudentMapper.class]
DEBUG [PathWatcher@177ede17] 2019-05-23 23:26:59 (ClassPathMapperScanner.java:180) Creating MapperFactoryBean with name 'studentMapper' and 'mapper.StudentMapper' mapperInterface
DEBUG [PathWatcher@177ede17] 2019-05-23 23:27:52 (ClassPathScanningCandidateComponentProvider.java:437) Identified candidate component class: file [D:\IT\MyJavaPro\itxzy_task2\target\classes\mapper\StudentMapper.class]
DEBUG [PathWatcher@177ede17] 2019-05-23 23:27:52 (ClassPathMapperScanner.java:180) Creating MapperFactoryBean with name 'studentMapper' and 'mapper.StudentMapper' mapperInterface
DEBUG [PathWatcher@177ede17] 2019-05-23 23:28:39 (ClassPathScanningCandidateComponentProvider.java:437) Identified candidate component class: file [D:\IT\MyJavaPro\itxzy_task2\target\classes\mapper\StudentMapper.class]
DEBUG [PathWatcher@177ede17] 2019-05-23 23:28:39 (ClassPathMapperScanner.java:180) Creating MapperFactoryBean with name 'studentMapper' and 'mapper.StudentMapper' mapperInterface
DEBUG [PathWatcher@177ede17] 2019-05-23 23:28:47 (ClassPathScanningCandidateComponentProvider.java:437) Identified candidate component class: file [D:\IT\MyJavaPro\itxzy_task2\target\classes\mapper\StudentMapper.class]
DEBUG [PathWatcher@177ede17] 2019-05-23 23:28:47 (ClassPathMapperScanner.java:180) Creating MapperFactoryBean with name 'studentMapper' and 'mapper.StudentMapper' mapperInterface
DEBUG [PathWatcher@177ede17] 2019-05-23 23:29:10 (ClassPathScanningCandidateComponentProvider.java:437) Identified candidate component class: file [D:\IT\MyJavaPro\itxzy_task2\target\classes\mapper\StudentMapper.class]
DEBUG [PathWatcher@177ede17] 2019-05-23 23:29:10 (ClassPathMapperScanner.java:180) Creating MapperFactoryBean with name 'studentMapper' and 'mapper.StudentMapper' mapperInterface
DEBUG [PathWatcher@177ede17] 2019-05-23 23:29:32 (ClassPathScanningCandidateComponentProvider.java:437) Identified candidate component class: file [D:\IT\MyJavaPro\itxzy_task2\target\classes\mapper\StudentMapper.class]
DEBUG [PathWatcher@177ede17] 2019-05-23 23:29:32 (ClassPathMapperScanner.java:180) Creating MapperFactoryBean with name 'studentMapper' and 'mapper.StudentMapper' mapperInterface
DEBUG [PathWatcher@177ede17] 2019-05-23 23:29:38 (ClassPathScanningCandidateComponentProvider.java:437) Identified candidate component class: file [D:\IT\MyJavaPro\itxzy_task2\target\classes\mapper\StudentMapper.class]
DEBUG [PathWatcher@177ede17] 2019-05-23 23:29:38 (ClassPathMapperScanner.java:180) Creating MapperFactoryBean with name 'studentMapper' and 'mapper.StudentMapper' mapperInterface
DEBUG [PathWatcher@177ede17] 2019-05-23 23:30:04 (ClassPathScanningCandidateComponentProvider.java:437) Identified candidate component class: file [D:\IT\MyJavaPro\itxzy_task2\target\classes\mapper\StudentMapper.class]
DEBUG [PathWatcher@177ede17] 2019-05-23 23:30:04 (ClassPathMapperScanner.java:180) Creating MapperFactoryBean with name 'studentMapper' and 'mapper.StudentMapper' mapperInterface
DEBUG [PathWatcher@177ede17] 2019-05-23 23:30:30 (ClassPathScanningCandidateComponentProvider.java:437) Identified candidate component class: file [D:\IT\MyJavaPro\itxzy_task2\target\classes\mapper\StudentMapper.class]
DEBUG [PathWatcher@177ede17] 2019-05-23 23:30:30 (ClassPathMapperScanner.java:180) Creating MapperFactoryBean with name 'studentMapper' and 'mapper.StudentMapper' mapperInterface
DEBUG [PathWatcher@177ede17] 2019-05-23 23:31:06 (ClassPathScanningCandidateComponentProvider.java:437) Identified candidate component class: file [D:\IT\MyJavaPro\itxzy_task2\target\classes\mapper\StudentMapper.class]
DEBUG [PathWatcher@177ede17] 2019-05-23 23:31:06 (ClassPathMapperScanner.java:180) Creating MapperFactoryBean with name 'studentMapper' and 'mapper.StudentMapper' mapperInterface
DEBUG [PathWatcher@177ede17] 2019-05-23 23:32:08 (ClassPathScanningCandidateComponentProvider.java:437) Identified candidate component class: file [D:\IT\MyJavaPro\itxzy_task2\target\classes\mapper\StudentMapper.class]
DEBUG [PathWatcher@177ede17] 2019-05-23 23:32:08 (ClassPathMapperScanner.java:180) Creating MapperFactoryBean with name 'studentMapper' and 'mapper.StudentMapper' mapperInterface
DEBUG [PathWatcher@177ede17] 2019-05-23 23:32:22 (ClassPathScanningCandidateComponentProvider.java:437) Identified candidate component class: file [D:\IT\MyJavaPro\itxzy_task2\target\classes\mapper\StudentMapper.class]
DEBUG [PathWatcher@177ede17] 2019-05-23 23:32:22 (ClassPathMapperScanner.java:180) Creating MapperFactoryBean with name 'studentMapper' and 'mapper.StudentMapper' mapperInterface
DEBUG [PathWatcher@177ede17] 2019-05-23 23:32:40 (ClassPathScanningCandidateComponentProvider.java:437) Identified candidate component class: file [D:\IT\MyJavaPro\itxzy_task2\target\classes\mapper\StudentMapper.class]
DEBUG [PathWatcher@177ede17] 2019-05-23 23:32:40 (ClassPathMapperScanner.java:180) Creating MapperFactoryBean with name 'studentMapper' and 'mapper.StudentMapper' mapperInterface
DEBUG [PathWatcher@177ede17] 2019-05-23 23:32:50 (ClassPathScanningCandidateComponentProvider.java:437) Identified candidate component class: file [D:\IT\MyJavaPro\itxzy_task2\target\classes\mapper\StudentMapper.class]
DEBUG [PathWatcher@177ede17] 2019-05-23 23:32:50 (ClassPathMapperScanner.java:180) Creating MapperFactoryBean with name 'studentMapper' and 'mapper.StudentMapper' mapperInterface
DEBUG [PathWatcher@177ede17] 2019-05-23 23:35:58 (ClassPathScanningCandidateComponentProvider.java:437) Identified candidate component class: file [D:\IT\MyJavaPro\itxzy_task2\target\classes\mapper\StudentMapper.class]
DEBUG [PathWatcher@177ede17] 2019-05-23 23:35:58 (ClassPathMapperScanner.java:180) Creating MapperFactoryBean with name 'studentMapper' and 'mapper.StudentMapper' mapperInterface
DEBUG [PathWatcher@177ede17] 2019-05-23 23:36:27 (ClassPathScanningCandidateComponentProvider.java:437) Identified candidate component class: file [D:\IT\MyJavaPro\itxzy_task2\target\classes\mapper\StudentMapper.class]
DEBUG [PathWatcher@177ede17] 2019-05-23 23:36:27 (ClassPathMapperScanner.java:180) Creating MapperFactoryBean with name 'studentMapper' and 'mapper.StudentMapper' mapperInterface
DEBUG [PathWatcher@177ede17] 2019-05-23 23:37:32 (ClassPathScanningCandidateComponentProvider.java:437) Identified candidate component class: file [D:\IT\MyJavaPro\itxzy_task2\target\classes\mapper\StudentMapper.class]
DEBUG [PathWatcher@177ede17] 2019-05-23 23:37:32 (ClassPathMapperScanner.java:180) Creating MapperFactoryBean with name 'studentMapper' and 'mapper.StudentMapper' mapperInterface
DEBUG [PathWatcher@177ede17] 2019-05-23 23:37:48 (ClassPathScanningCandidateComponentProvider.java:437) Identified candidate component class: file [D:\IT\MyJavaPro\itxzy_task2\target\classes\mapper\StudentMapper.class]
DEBUG [PathWatcher@177ede17] 2019-05-23 23:37:48 (ClassPathMapperScanner.java:180) Creating MapperFactoryBean with name 'studentMapper' and 'mapper.StudentMapper' mapperInterface
DEBUG [PathWatcher@177ede17] 2019-05-23 23:39:43 (ClassPathScanningCandidateComponentProvider.java:437) Identified candidate component class: file [D:\IT\MyJavaPro\itxzy_task2\target\classes\mapper\StudentMapper.class]
DEBUG [PathWatcher@177ede17] 2019-05-23 23:39:43 (ClassPathMapperScanner.java:180) Creating MapperFactoryBean with name 'studentMapper' and 'mapper.StudentMapper' mapperInterface
DEBUG [PathWatcher@177ede17] 2019-05-23 23:41:47 (ClassPathScanningCandidateComponentProvider.java:437) Identified candidate component class: file [D:\IT\MyJavaPro\itxzy_task2\target\classes\mapper\StudentMapper.class]
DEBUG [PathWatcher@177ede17] 2019-05-23 23:41:47 (ClassPathMapperScanner.java:180) Creating MapperFactoryBean with name 'studentMapper' and 'mapper.StudentMapper' mapperInterface
DEBUG [PathWatcher@177ede17] 2019-05-23 23:42:04 (ClassPathScanningCandidateComponentProvider.java:437) Identified candidate component class: file [D:\IT\MyJavaPro\itxzy_task2\target\classes\mapper\StudentMapper.class]
DEBUG [PathWatcher@177ede17] 2019-05-23 23:42:04 (ClassPathMapperScanner.java:180) Creating MapperFactoryBean with name 'studentMapper' and 'mapper.StudentMapper' mapperInterface
DEBUG [PathWatcher@177ede17] 2019-05-23 23:42:34 (ClassPathScanningCandidateComponentProvider.java:437) Identified candidate component class: file [D:\IT\MyJavaPro\itxzy_task2\target\classes\mapper\StudentMapper.class]
DEBUG [PathWatcher@177ede17] 2019-05-23 23:42:34 (ClassPathMapperScanner.java:180) Creating MapperFactoryBean with name 'studentMapper' and 'mapper.StudentMapper' mapperInterface
DEBUG [PathWatcher@177ede17] 2019-05-23 23:42:45 (ClassPathScanningCandidateComponentProvider.java:437) Identified candidate component class: file [D:\IT\MyJavaPro\itxzy_task2\target\classes\mapper\StudentMapper.class]
DEBUG [PathWatcher@177ede17] 2019-05-23 23:42:45 (ClassPathMapperScanner.java:180) Creating MapperFactoryBean with name 'studentMapper' and 'mapper.StudentMapper' mapperInterface
DEBUG [PathWatcher@177ede17] 2019-05-23 23:47:11 (ClassPathScanningCandidateComponentProvider.java:437) Identified candidate component class: file [D:\IT\MyJavaPro\itxzy_task2\target\classes\mapper\StudentMapper.class]
DEBUG [PathWatcher@177ede17] 2019-05-23 23:47:11 (ClassPathMapperScanner.java:180) Creating MapperFactoryBean with name 'studentMapper' and 'mapper.StudentMapper' mapperInterface
DEBUG [PathWatcher@177ede17] 2019-05-23 23:47:42 (ClassPathScanningCandidateComponentProvider.java:437) Identified candidate component class: file [D:\IT\MyJavaPro\itxzy_task2\target\classes\mapper\StudentMapper.class]
DEBUG [PathWatcher@177ede17] 2019-05-23 23:47:42 (ClassPathMapperScanner.java:180) Creating MapperFactoryBean with name 'studentMapper' and 'mapper.StudentMapper' mapperInterface
DEBUG [PathWatcher@177ede17] 2019-05-23 23:47:52 (ClassPathScanningCandidateComponentProvider.java:437) Identified candidate component class: file [D:\IT\MyJavaPro\itxzy_task2\target\classes\mapper\StudentMapper.class]
DEBUG [PathWatcher@177ede17] 2019-05-23 23:47:52 (ClassPathMapperScanner.java:180) Creating MapperFactoryBean with name 'studentMapper' and 'mapper.StudentMapper' mapperInterface
DEBUG [PathWatcher@177ede17] 2019-05-23 23:48:04 (ClassPathScanningCandidateComponentProvider.java:437) Identified candidate component class: file [D:\IT\MyJavaPro\itxzy_task2\target\classes\mapper\StudentMapper.class]
DEBUG [PathWatcher@177ede17] 2019-05-23 23:48:04 (ClassPathMapperScanner.java:180) Creating MapperFactoryBean with name 'studentMapper' and 'mapper.StudentMapper' mapperInterface
DEBUG [PathWatcher@177ede17] 2019-05-23 23:48:14 (ClassPathScanningCandidateComponentProvider.java:437) Identified candidate component class: file [D:\IT\MyJavaPro\itxzy_task2\target\classes\mapper\StudentMapper.class]
DEBUG [PathWatcher@177ede17] 2019-05-23 23:48:14 (ClassPathMapperScanner.java:180) Creating MapperFactoryBean with name 'studentMapper' and 'mapper.StudentMapper' mapperInterface
DEBUG [PathWatcher@177ede17] 2019-05-23 23:49:58 (ClassPathScanningCandidateComponentProvider.java:437) Identified candidate component class: file [D:\IT\MyJavaPro\itxzy_task2\target\classes\mapper\StudentMapper.class]
DEBUG [PathWatcher@177ede17] 2019-05-23 23:49:58 (ClassPathMapperScanner.java:180) Creating MapperFactoryBean with name 'studentMapper' and 'mapper.StudentMapper' mapperInterface
DEBUG [PathWatcher@177ede17] 2019-05-23 23:50:34 (ClassPathScanningCandidateComponentProvider.java:437) Identified candidate component class: file [D:\IT\MyJavaPro\itxzy_task2\target\classes\mapper\StudentMapper.class]
DEBUG [PathWatcher@177ede17] 2019-05-23 23:50:34 (ClassPathMapperScanner.java:180) Creating MapperFactoryBean with name 'studentMapper' and 'mapper.StudentMapper' mapperInterface
DEBUG [PathWatcher@177ede17] 2019-05-23 23:52:40 (ClassPathScanningCandidateComponentProvider.java:437) Identified candidate component class: file [D:\IT\MyJavaPro\itxzy_task2\target\classes\mapper\StudentMapper.class]
DEBUG [PathWatcher@177ede17] 2019-05-23 23:52:40 (ClassPathMapperScanner.java:180) Creating MapperFactoryBean with name 'studentMapper' and 'mapper.StudentMapper' mapperInterface
DEBUG [PathWatcher@177ede17] 2019-05-23 23:52:50 (ClassPathScanningCandidateComponentProvider.java:437) Identified candidate component class: file [D:\IT\MyJavaPro\itxzy_task2\target\classes\mapper\StudentMapper.class]
DEBUG [PathWatcher@177ede17] 2019-05-23 23:52:50 (ClassPathMapperScanner.java:180) Creating MapperFactoryBean with name 'studentMapper' and 'mapper.StudentMapper' mapperInterface
DEBUG [PathWatcher@177ede17] 2019-05-23 23:52:59 (ClassPathScanningCandidateComponentProvider.java:437) Identified candidate component class: file [D:\IT\MyJavaPro\itxzy_task2\target\classes\mapper\StudentMapper.class]
DEBUG [PathWatcher@177ede17] 2019-05-23 23:52:59 (ClassPathMapperScanner.java:180) Creating MapperFactoryBean with name 'studentMapper' and 'mapper.StudentMapper' mapperInterface
DEBUG [PathWatcher@177ede17] 2019-05-23 23:54:19 (ClassPathScanningCandidateComponentProvider.java:437) Identified candidate component class: file [D:\IT\MyJavaPro\itxzy_task2\target\classes\mapper\StudentMapper.class]
DEBUG [PathWatcher@177ede17] 2019-05-23 23:54:19 (ClassPathMapperScanner.java:180) Creating MapperFactoryBean with name 'studentMapper' and 'mapper.StudentMapper' mapperInterface
DEBUG [PathWatcher@177ede17] 2019-05-23 23:54:41 (ClassPathScanningCandidateComponentProvider.java:437) Identified candidate component class: file [D:\IT\MyJavaPro\itxzy_task2\target\classes\mapper\StudentMapper.class]
DEBUG [PathWatcher@177ede17] 2019-05-23 23:54:41 (ClassPathMapperScanner.java:180) Creating MapperFactoryBean with name 'studentMapper' and 'mapper.StudentMapper' mapperInterface
DEBUG [main] 2019-05-24 13:24:15 (ClassPathScanningCandidateComponentProvider.java:437) Identified candidate component class: file [D:\IT\MyJavaPro\itxzy_task2\target\classes\mapper\StudentMapper.class]
DEBUG [main] 2019-05-24 13:24:15 (ClassPathMapperScanner.java:180) Creating MapperFactoryBean with name 'studentMapper' and 'mapper.StudentMapper' mapperInterface
DEBUG [PathWatcher@3a3b10f4] 2019-05-24 13:26:13 (ClassPathScanningCandidateComponentProvider.java:437) Identified candidate component class: file [D:\IT\MyJavaPro\itxzy_task2\target\classes\mapper\StudentMapper.class]
DEBUG [PathWatcher@3a3b10f4] 2019-05-24 13:26:13 (ClassPathMapperScanner.java:180) Creating MapperFactoryBean with name 'studentMapper' and 'mapper.StudentMapper' mapperInterface
DEBUG [main] 2019-05-24 13:26:45 (ClassPathScanningCandidateComponentProvider.java:437) Identified candidate component class: file [D:\IT\MyJavaPro\itxzy_task2\target\classes\mapper\StudentMapper.class]
DEBUG [main] 2019-05-24 13:26:45 (ClassPathMapperScanner.java:180) Creating MapperFactoryBean with name 'studentMapper' and 'mapper.StudentMapper' mapperInterface
DEBUG [main] 2019-05-24 22:12:17 (ClassPathScanningCandidateComponentProvider.java:437) Identified candidate component class: file [D:\IT\MyJavaPro\itxzy_task2\target\classes\mapper\StudentMapper.class]
DEBUG [main] 2019-05-24 22:12:17 (ClassPathMapperScanner.java:180) Creating MapperFactoryBean with name 'studentMapper' and 'mapper.StudentMapper' mapperInterface
DEBUG [PathWatcher@3830b06c] 2019-05-24 22:12:30 (ClassPathScanningCandidateComponentProvider.java:437) Identified candidate component class: file [D:\IT\MyJavaPro\itxzy_task2\target\classes\mapper\StudentMapper.class]
DEBUG [PathWatcher@3830b06c] 2019-05-24 22:12:30 (ClassPathMapperScanner.java:180) Creating MapperFactoryBean with name 'studentMapper' and 'mapper.StudentMapper' mapperInterface
DEBUG [main] 2019-05-24 22:14:13 (ClassPathScanningCandidateComponentProvider.java:437) Identified candidate component class: file [D:\IT\MyJavaPro\itxzy_task2\target\classes\mapper\StudentMapper.class]
DEBUG [main] 2019-05-24 22:14:13 (ClassPathMapperScanner.java:180) Creating MapperFactoryBean with name 'studentMapper' and 'mapper.StudentMapper' mapperInterface
DEBUG [main] 2019-05-24 22:15:18 (ClassPathScanningCandidateComponentProvider.java:437) Identified candidate component class: file [D:\IT\MyJavaPro\itxzy_task2\target\classes\mapper\StudentMapper.class]
DEBUG [main] 2019-05-24 22:15:18 (ClassPathMapperScanner.java:180) Creating MapperFactoryBean with name 'studentMapper' and 'mapper.StudentMapper' mapperInterface
DEBUG [PathWatcher@3554bdc0] 2019-05-24 22:15:26 (ClassPathScanningCandidateComponentProvider.java:437) Identified candidate component class: file [D:\IT\MyJavaPro\itxzy_task2\target\classes\mapper\StudentMapper.class]
DEBUG [PathWatcher@3554bdc0] 2019-05-24 22:15:26 (ClassPathMapperScanner.java:180) Creating MapperFactoryBean with name 'studentMapper' and 'mapper.StudentMapper' mapperInterface
DEBUG [main] 2019-05-24 22:16:18 (ClassPathScanningCandidateComponentProvider.java:437) Identified candidate component class: file [D:\IT\MyJavaPro\itxzy_task2\target\classes\mapper\StudentMapper.class]
DEBUG [main] 2019-05-24 22:16:18 (ClassPathMapperScanner.java:180) Creating MapperFactoryBean with name 'studentMapper' and 'mapper.StudentMapper' mapperInterface
DEBUG [PathWatcher@b56ec6c] 2019-05-24 22:20:40 (ClassPathScanningCandidateComponentProvider.java:437) Identified candidate component class: file [D:\IT\MyJavaPro\itxzy_task2\target\classes\mapper\StudentMapper.class]
DEBUG [PathWatcher@b56ec6c] 2019-05-24 22:20:40 (ClassPathMapperScanner.java:180) Creating MapperFactoryBean with name 'studentMapper' and 'mapper.StudentMapper' mapperInterface
DEBUG [PathWatcher@b56ec6c] 2019-05-24 22:21:43 (ClassPathScanningCandidateComponentProvider.java:437) Identified candidate component class: file [D:\IT\MyJavaPro\itxzy_task2\target\classes\mapper\StudentMapper.class]
DEBUG [PathWatcher@b56ec6c] 2019-05-24 22:21:43 (ClassPathMapperScanner.java:180) Creating MapperFactoryBean with name 'studentMapper' and 'mapper.StudentMapper' mapperInterface
DEBUG [PathWatcher@b56ec6c] 2019-05-24 22:22:29 (ClassPathScanningCandidateComponentProvider.java:437) Identified candidate component class: file [D:\IT\MyJavaPro\itxzy_task2\target\classes\mapper\StudentMapper.class]
DEBUG [PathWatcher@b56ec6c] 2019-05-24 22:22:29 (ClassPathMapperScanner.java:180) Creating MapperFactoryBean with name 'studentMapper' and 'mapper.StudentMapper' mapperInterface
DEBUG [PathWatcher@b56ec6c] 2019-05-24 22:26:09 (ClassPathScanningCandidateComponentProvider.java:437) Identified candidate component class: file [D:\IT\MyJavaPro\itxzy_task2\target\classes\mapper\StudentMapper.class]
DEBUG [PathWatcher@b56ec6c] 2019-05-24 22:26:09 (ClassPathMapperScanner.java:180) Creating MapperFactoryBean with name 'studentMapper' and 'mapper.StudentMapper' mapperInterface
DEBUG [main] 2019-05-24 22:26:50 (ClassPathScanningCandidateComponentProvider.java:437) Identified candidate component class: file [D:\IT\MyJavaPro\itxzy_task2\target\classes\mapper\StudentMapper.class]
DEBUG [main] 2019-05-24 22:26:50 (ClassPathMapperScanner.java:180) Creating MapperFactoryBean with name 'studentMapper' and 'mapper.StudentMapper' mapperInterface
DEBUG [PathWatcher@49580ca8] 2019-05-24 22:27:17 (ClassPathScanningCandidateComponentProvider.java:437) Identified candidate component class: file [D:\IT\MyJavaPro\itxzy_task2\target\classes\mapper\StudentMapper.class]
DEBUG [PathWatcher@49580ca8] 2019-05-24 22:27:17 (ClassPathMapperScanner.java:180) Creating MapperFactoryBean with name 'studentMapper' and 'mapper.StudentMapper' mapperInterface
DEBUG [PathWatcher@49580ca8] 2019-05-24 22:27:59 (ClassPathScanningCandidateComponentProvider.java:437) Identified candidate component class: file [D:\IT\MyJavaPro\itxzy_task2\target\classes\mapper\StudentMapper.class]
DEBUG [PathWatcher@49580ca8] 2019-05-24 22:27:59 (ClassPathMapperScanner.java:180) Creating MapperFactoryBean with name 'studentMapper' and 'mapper.StudentMapper' mapperInterface
DEBUG [PathWatcher@49580ca8] 2019-05-24 22:43:00 (ClassPathScanningCandidateComponentProvider.java:437) Identified candidate component class: file [D:\IT\MyJavaPro\itxzy_task2\target\classes\mapper\StudentMapper.class]
DEBUG [PathWatcher@49580ca8] 2019-05-24 22:43:00 (ClassPathMapperScanner.java:180) Creating MapperFactoryBean with name 'studentMapper' and 'mapper.StudentMapper' mapperInterface
DEBUG [PathWatcher@49580ca8] 2019-05-24 22:47:30 (ClassPathScanningCandidateComponentProvider.java:437) Identified candidate component class: file [D:\IT\MyJavaPro\itxzy_task2\target\classes\mapper\StudentMapper.class]
DEBUG [PathWatcher@49580ca8] 2019-05-24 22:47:30 (ClassPathMapperScanner.java:180) Creating MapperFactoryBean with name 'studentMapper' and 'mapper.StudentMapper' mapperInterface
DEBUG [PathWatcher@49580ca8] 2019-05-24 22:47:48 (ClassPathScanningCandidateComponentProvider.java:437) Identified candidate component class: file [D:\IT\MyJavaPro\itxzy_task2\target\classes\mapper\StudentMapper.class]
DEBUG [PathWatcher@49580ca8] 2019-05-24 22:47:48 (ClassPathMapperScanner.java:180) Creating MapperFactoryBean with name 'studentMapper' and 'mapper.StudentMapper' mapperInterface
DEBUG [PathWatcher@49580ca8] 2019-05-24 22:47:59 (ClassPathScanningCandidateComponentProvider.java:437) Identified candidate component class: file [D:\IT\MyJavaPro\itxzy_task2\target\classes\mapper\StudentMapper.class]
DEBUG [PathWatcher@49580ca8] 2019-05-24 22:47:59 (ClassPathMapperScanner.java:180) Creating MapperFactoryBean with name 'studentMapper' and 'mapper.StudentMapper' mapperInterface
DEBUG [PathWatcher@49580ca8] 2019-05-24 22:48:27 (ClassPathScanningCandidateComponentProvider.java:437) Identified candidate component class: file [D:\IT\MyJavaPro\itxzy_task2\target\classes\mapper\StudentMapper.class]
DEBUG [PathWatcher@49580ca8] 2019-05-24 22:48:27 (ClassPathMapperScanner.java:180) Creating MapperFactoryBean with name 'studentMapper' and 'mapper.StudentMapper' mapperInterface
DEBUG [PathWatcher@49580ca8] 2019-05-24 22:48:36 (ClassPathScanningCandidateComponentProvider.java:437) Identified candidate component class: file [D:\IT\MyJavaPro\itxzy_task2\target\classes\mapper\StudentMapper.class]
DEBUG [PathWatcher@49580ca8] 2019-05-24 22:48:36 (ClassPathMapperScanner.java:180) Creating MapperFactoryBean with name 'studentMapper' and 'mapper.StudentMapper' mapperInterface
DEBUG [PathWatcher@49580ca8] 2019-05-24 22:48:54 (ClassPathScanningCandidateComponentProvider.java:437) Identified candidate component class: file [D:\IT\MyJavaPro\itxzy_task2\target\classes\mapper\StudentMapper.class]
DEBUG [PathWatcher@49580ca8] 2019-05-24 22:48:54 (ClassPathMapperScanner.java:180) Creating MapperFactoryBean with name 'studentMapper' and 'mapper.StudentMapper' mapperInterface
DEBUG [PathWatcher@49580ca8] 2019-05-24 22:49:05 (ClassPathScanningCandidateComponentProvider.java:437) Identified candidate component class: file [D:\IT\MyJavaPro\itxzy_task2\target\classes\mapper\StudentMapper.class]
DEBUG [PathWatcher@49580ca8] 2019-05-24 22:49:05 (ClassPathMapperScanner.java:180) Creating MapperFactoryBean with name 'studentMapper' and 'mapper.StudentMapper' mapperInterface
DEBUG [PathWatcher@49580ca8] 2019-05-24 22:50:01 (ClassPathScanningCandidateComponentProvider.java:437) Identified candidate component class: file [D:\IT\MyJavaPro\itxzy_task2\target\classes\mapper\StudentMapper.class]
DEBUG [PathWatcher@49580ca8] 2019-05-24 22:50:01 (ClassPathMapperScanner.java:180) Creating MapperFactoryBean with name 'studentMapper' and 'mapper.StudentMapper' mapperInterface
DEBUG [main] 2019-06-12 23:28:39 (ClassPathScanningCandidateComponentProvider.java:437) Identified candidate component class: file [D:\IT\MyJavaPro\itxzy_task2\target\classes\mapper\StudentMapper.class]
DEBUG [main] 2019-06-12 23:28:39 (ClassPathMapperScanner.java:180) Creating MapperFactoryBean with name 'studentMapper' and 'mapper.StudentMapper' mapperInterface
DEBUG [PathWatcher@22d477c2] 2019-06-12 23:28:53 (ClassPathScanningCandidateComponentProvider.java:437) Identified candidate component class: file [D:\IT\MyJavaPro\itxzy_task2\target\classes\mapper\StudentMapper.class]
DEBUG [PathWatcher@22d477c2] 2019-06-12 23:28:53 (ClassPathMapperScanner.java:180) Creating MapperFactoryBean with name 'studentMapper' and 'mapper.StudentMapper' mapperInterface
DEBUG [PathWatcher@22d477c2] 2019-06-12 23:30:21 (ClassPathScanningCandidateComponentProvider.java:437) Identified candidate component class: file [D:\IT\MyJavaPro\itxzy_task2\target\classes\mapper\StudentMapper.class]
DEBUG [PathWatcher@22d477c2] 2019-06-12 23:30:21 (ClassPathMapperScanner.java:180) Creating MapperFactoryBean with name 'studentMapper' and 'mapper.StudentMapper' mapperInterface
DEBUG [PathWatcher@22d477c2] 2019-06-12 23:31:56 (ClassPathScanningCandidateComponentProvider.java:437) Identified candidate component class: file [D:\IT\MyJavaPro\itxzy_task2\target\classes\mapper\StudentMapper.class]
DEBUG [PathWatcher@22d477c2] 2019-06-12 23:31:56 (ClassPathMapperScanner.java:180) Creating MapperFactoryBean with name 'studentMapper' and 'mapper.StudentMapper' mapperInterface
DEBUG [PathWatcher@22d477c2] 2019-06-12 23:33:00 (ClassPathScanningCandidateComponentProvider.java:437) Identified candidate component class: file [D:\IT\MyJavaPro\itxzy_task2\target\classes\mapper\StudentMapper.class]
DEBUG [PathWatcher@22d477c2] 2019-06-12 23:33:00 (ClassPathMapperScanner.java:180) Creating MapperFactoryBean with name 'studentMapper' and 'mapper.StudentMapper' mapperInterface
